#
# There is insufficient memory for the Java Runtime Environment to continue.
# Native memory allocation (malloc) failed to allocate 2440256 bytes for Chunk::new
# Possible reasons:
#   The system is out of physical RAM or swap space
#   The process is running with CompressedOops enabled, and the Java Heap may be blocking the growth of the native heap
# Possible solutions:
#   Reduce memory load on the system
#   Increase physical memory or swap space
#   Check if swap backing store is full
#   Decrease Java heap size (-Xmx/-Xms)
#   Decrease number of Java threads
#   Decrease Java thread stack sizes (-Xss)
#   Set larger code cache with -XX:ReservedCodeCacheSize=
#   JVM is running with Zero Based Compressed Oops mode in which the Java heap is
#     placed in the first 32GB address space. The Java Heap base address is the
#     maximum limit for the native heap growth. Please use -XX:HeapBaseMinAddress
#     to set the Java Heap base and to place the Java Heap above 32GB virtual address.
# This output file may be truncated or incomplete.
#
#  Out of Memory Error (arena.cpp:189), pid=8568, tid=10508
#
# JRE version: Java(TM) SE Runtime Environment (17.0.12+8) (build 17.0.12+8-LTS-286)
# Java VM: Java HotSpot(TM) 64-Bit Server VM (17.0.12+8-LTS-286, mixed mode, sharing, tiered, compressed oops, compressed class ptrs, g1 gc, windows-amd64)
# No core dump will be written. Minidumps are not enabled by default on client versions of Windows
#

---------------  S U M M A R Y ------------

Command Line: -XX:+ShowCodeDetailsInExceptionMessages duan.sportify.SportifyApplication

Host: 11th Gen Intel(R) Core(TM) i5-1135G7 @ 2.40GHz, 8 cores, 15G,  Windows 11 , 64 bit Build 26100 (10.0.26100.5074)
Time: Sat Sep 13 14:24:53 2025 SE Asia Standard Time elapsed time: 257.427879 seconds (0d 0h 4m 17s)

---------------  T H R E A D  ---------------

Current thread (0x0000022bf52d8030):  JavaThread "C2 CompilerThread0" daemon [_thread_in_native, id=10508, stack(0x000000e7bd200000,0x000000e7bd300000)]


Current CompileTask:
C2: 257428 19892   !   4       org.springframework.core.type.classreading.CachingMetadataReaderFactory::getMetadataReader (115 bytes)

Stack: [0x000000e7bd200000,0x000000e7bd300000]
Native frames: (J=compiled Java code, j=interpreted, Vv=VM code, C=native code)
V  [jvm.dll+0x67a04a]
V  [jvm.dll+0x7da4ed]
V  [jvm.dll+0x7dbe33]
V  [jvm.dll+0x7dc4a3]
V  [jvm.dll+0x24508f]
V  [jvm.dll+0xab773]
V  [jvm.dll+0xabd3c]
V  [jvm.dll+0x361bee]
V  [jvm.dll+0x1ba64a]
V  [jvm.dll+0x216997]
V  [jvm.dll+0x215c6f]
V  [jvm.dll+0x1a2960]
V  [jvm.dll+0x22610b]
V  [jvm.dll+0x2242ab]
V  [jvm.dll+0x79075c]
V  [jvm.dll+0x78abea]
V  [jvm.dll+0x678f35]
C  [ucrtbase.dll+0x37b0]
C  [KERNEL32.DLL+0x2e8d7]
C  [ntdll.dll+0x8d9c]


---------------  P R O C E S S  ---------------

Threads class SMR info:
_java_thread_list=0x0000022bc1f4b6f0, length=20, elements={
0x0000022bf52b7ec0, 0x0000022bf52bb600, 0x0000022bf52d2790, 0x0000022bf52d3150,
0x0000022bf52d4680, 0x0000022bf52d5bb0, 0x0000022bf52d8030, 0x0000022bf5401a00,
0x0000022bf5422020, 0x0000022bf554ebd0, 0x0000022bf556cc70, 0x0000022bf5c6a020,
0x0000022bff5fb4f0, 0x0000022bff5fc930, 0x0000022bfa6e1170, 0x0000022bfa6dac30,
0x0000022bfbdd8b60, 0x0000022bfbdda0a0, 0x0000022bfa6dcfa0, 0x0000022bfa6dd9c0
}

Java Threads: ( => current thread )
  0x0000022bf52b7ec0 JavaThread "Reference Handler" daemon [_thread_blocked, id=4808, stack(0x000000e7bcc00000,0x000000e7bcd00000)]
  0x0000022bf52bb600 JavaThread "Finalizer" daemon [_thread_blocked, id=15260, stack(0x000000e7bcd00000,0x000000e7bce00000)]
  0x0000022bf52d2790 JavaThread "Signal Dispatcher" daemon [_thread_blocked, id=1868, stack(0x000000e7bce00000,0x000000e7bcf00000)]
  0x0000022bf52d3150 JavaThread "Attach Listener" daemon [_thread_blocked, id=17212, stack(0x000000e7bcf00000,0x000000e7bd000000)]
  0x0000022bf52d4680 JavaThread "Service Thread" daemon [_thread_blocked, id=17944, stack(0x000000e7bd000000,0x000000e7bd100000)]
  0x0000022bf52d5bb0 JavaThread "Monitor Deflation Thread" daemon [_thread_blocked, id=11872, stack(0x000000e7bd100000,0x000000e7bd200000)]
=>0x0000022bf52d8030 JavaThread "C2 CompilerThread0" daemon [_thread_in_native, id=10508, stack(0x000000e7bd200000,0x000000e7bd300000)]
  0x0000022bf5401a00 JavaThread "C1 CompilerThread0" daemon [_thread_blocked, id=24296, stack(0x000000e7bd300000,0x000000e7bd400000)]
  0x0000022bf5422020 JavaThread "Sweeper thread" daemon [_thread_blocked, id=25248, stack(0x000000e7bd400000,0x000000e7bd500000)]
  0x0000022bf554ebd0 JavaThread "Notification Thread" daemon [_thread_blocked, id=16192, stack(0x000000e7bd500000,0x000000e7bd600000)]
  0x0000022bf556cc70 JavaThread "Common-Cleaner" daemon [_thread_blocked, id=5588, stack(0x000000e7bd700000,0x000000e7bd800000)]
  0x0000022bf5c6a020 JavaThread "mysql-cj-abandoned-connection-cleanup" daemon [_thread_blocked, id=15592, stack(0x000000e7be400000,0x000000e7be500000)]
  0x0000022bff5fb4f0 JavaThread "Live Reload Server" daemon [_thread_in_native, id=22392, stack(0x000000e7bed00000,0x000000e7bee00000)]
  0x0000022bff5fc930 JavaThread "DestroyJavaVM" [_thread_blocked, id=21960, stack(0x000000e7bc500000,0x000000e7bc600000)]
  0x0000022bfa6e1170 JavaThread "Thread-19" [_thread_blocked, id=21828, stack(0x000000e7bc200000,0x000000e7bc300000)]
  0x0000022bfa6dac30 JavaThread "restartedMain" [_thread_in_native, id=3848, stack(0x000000e7bd800000,0x000000e7bd900000)]
  0x0000022bfbdd8b60 JavaThread "C2 CompilerThread1" daemon [_thread_in_native, id=14924, stack(0x000000e7bc400000,0x000000e7bc500000)]
  0x0000022bfbdda0a0 JavaThread "C2 CompilerThread2" daemon [_thread_in_native, id=1820, stack(0x000000e7bda00000,0x000000e7bdb00000)]
  0x0000022bfa6dcfa0 JavaThread "HikariPool-6 housekeeper" daemon [_thread_blocked, id=22400, stack(0x000000e7be100000,0x000000e7be200000)]
  0x0000022bfa6dd9c0 JavaThread "HikariPool-6 connection adder" daemon [_thread_blocked, id=15388, stack(0x000000e7be700000,0x000000e7be800000)]

Other Threads:
  0x0000022bf52b38b0 VMThread "VM Thread" [stack: 0x000000e7bcb00000,0x000000e7bcc00000] [id=19620]
  0x0000022bd2775380 WatcherThread [stack: 0x000000e7bd600000,0x000000e7bd700000] [id=10268]
  0x0000022bd2759580 GCTaskThread "GC Thread#0" [stack: 0x000000e7bc600000,0x000000e7bc700000] [id=18472]
  0x0000022bf5f375f0 GCTaskThread "GC Thread#1" [stack: 0x000000e7bdb00000,0x000000e7bdc00000] [id=19192]
  0x0000022bfa8f2160 GCTaskThread "GC Thread#2" [stack: 0x000000e7bdc00000,0x000000e7bdd00000] [id=12508]
  0x0000022bfac02880 GCTaskThread "GC Thread#3" [stack: 0x000000e7bdd00000,0x000000e7bde00000] [id=21212]
  0x0000022bfa5b28c0 GCTaskThread "GC Thread#4" [stack: 0x000000e7bde00000,0x000000e7bdf00000] [id=22348]
  0x0000022bfa6bb3d0 GCTaskThread "GC Thread#5" [stack: 0x000000e7bdf00000,0x000000e7be000000] [id=8132]
  0x0000022bfa7bf740 GCTaskThread "GC Thread#6" [stack: 0x000000e7be200000,0x000000e7be300000] [id=21248]
  0x0000022bfaa423d0 GCTaskThread "GC Thread#7" [stack: 0x000000e7be300000,0x000000e7be400000] [id=14844]
  0x0000022bd276bd80 ConcurrentGCThread "G1 Main Marker" [stack: 0x000000e7bc700000,0x000000e7bc800000] [id=8952]
  0x0000022bd276c790 ConcurrentGCThread "G1 Conc#0" [stack: 0x000000e7bc800000,0x000000e7bc900000] [id=10404]
  0x0000022bfae362a0 ConcurrentGCThread "G1 Conc#1" [stack: 0x000000e7be000000,0x000000e7be100000] [id=23676]
  0x0000022bd279e070 ConcurrentGCThread "G1 Refine#0" [stack: 0x000000e7bc900000,0x000000e7bca00000] [id=18440]
  0x0000022bfbb8f030 ConcurrentGCThread "G1 Refine#1" [stack: 0x000000e7be500000,0x000000e7be600000] [id=13616]
  0x0000022bd279eaa0 ConcurrentGCThread "G1 Service" [stack: 0x000000e7bca00000,0x000000e7bcb00000] [id=12076]

Threads with active compile tasks:
C2 CompilerThread0   257455 19892   !   4       org.springframework.core.type.classreading.CachingMetadataReaderFactory::getMetadataReader (115 bytes)
C2 CompilerThread1   257455 20164       4       java.util.regex.Pattern::compile (500 bytes)
C2 CompilerThread2   257455 20167       4       org.springframework.data.mapping.model.AnnotationBasedPersistentProperty$$Lambda$788/0x0000022b8168f8f0::apply (12 bytes)

VM state: not at safepoint (normal execution)

VM Mutex/Monitor currently owned by a thread: None

Heap address: 0x0000000704200000, size: 4030 MB, Compressed Oops mode: Zero based, Oop shift amount: 3

CDS archive(s) mapped at: [0x0000022b80000000-0x0000022b80bd0000-0x0000022b80bd0000), size 12386304, SharedBaseAddress: 0x0000022b80000000, ArchiveRelocationMode: 1.
Compressed class space mapped at: 0x0000022b81000000-0x0000022bc1000000, reserved size: 1073741824
Narrow klass base: 0x0000022b80000000, Narrow klass shift: 0, Narrow klass range: 0x100000000

GC Precious Log:
 CPUs: 8 total, 8 available
 Memory: 16118M
 Large Page Support: Disabled
 NUMA Support: Disabled
 Compressed Oops: Enabled (Zero based)
 Heap Region Size: 2M
 Heap Min Capacity: 8M
 Heap Initial Capacity: 252M
 Heap Max Capacity: 4030M
 Pre-touch: Disabled
 Parallel Workers: 8
 Concurrent Workers: 2
 Concurrent Refinement Workers: 8
 Periodic GC: Disabled

Heap:
 garbage-first heap   total 137216K, used 57252K [0x0000000704200000, 0x0000000800000000)
  region size 2048K, 11 young (22528K), 3 survivors (6144K)
 Metaspace       used 89286K, committed 89920K, reserved 1179648K
  class space    used 10572K, committed 10880K, reserved 1048576K

Heap Regions: E=young(eden), S=young(survivor), O=old, HS=humongous(starts), HC=humongous(continues), CS=collection set, F=free, OA=open archive, CA=closed archive, TAMS=top-at-mark-start (previous, next)
|   0|0x0000000704200000, 0x00000007043fffd0, 0x0000000704400000| 99%| O|  |TAMS 0x00000007043fffd0, 0x0000000704200000| Untracked 
|   1|0x0000000704400000, 0x0000000704600000, 0x0000000704600000|100%| O|  |TAMS 0x0000000704600000, 0x0000000704400000| Untracked 
|   2|0x0000000704600000, 0x0000000704800000, 0x0000000704800000|100%| O|  |TAMS 0x0000000704800000, 0x0000000704600000| Untracked 
|   3|0x0000000704800000, 0x00000007049ffff0, 0x0000000704a00000| 99%| O|  |TAMS 0x00000007049ffff0, 0x0000000704800000| Untracked 
|   4|0x0000000704a00000, 0x0000000704bffff0, 0x0000000704c00000| 99%| O|  |TAMS 0x0000000704bffff0, 0x0000000704a00000| Untracked 
|   5|0x0000000704c00000, 0x0000000704dff050, 0x0000000704e00000| 99%| O|  |TAMS 0x0000000704dff050, 0x0000000704c00000| Untracked 
|   6|0x0000000704e00000, 0x0000000704fffff8, 0x0000000705000000| 99%| O|  |TAMS 0x0000000704fffff8, 0x0000000704e00000| Untracked 
|   7|0x0000000705000000, 0x00000007051fffc8, 0x0000000705200000| 99%| O|  |TAMS 0x00000007051fffc8, 0x0000000705000000| Untracked 
|   8|0x0000000705200000, 0x0000000705400000, 0x0000000705400000|100%| O|  |TAMS 0x0000000705400000, 0x0000000705200000| Untracked 
|   9|0x0000000705400000, 0x00000007055ffff0, 0x0000000705600000| 99%| O|  |TAMS 0x00000007055ffff0, 0x0000000705400000| Untracked 
|  10|0x0000000705600000, 0x00000007057ffff8, 0x0000000705800000| 99%| O|  |TAMS 0x00000007057ffff8, 0x0000000705600000| Untracked 
|  11|0x0000000705800000, 0x00000007059ffff8, 0x0000000705a00000| 99%| O|  |TAMS 0x00000007059ffff8, 0x0000000705800000| Untracked 
|  12|0x0000000705a00000, 0x0000000705bffff0, 0x0000000705c00000| 99%| O|  |TAMS 0x0000000705bffff0, 0x0000000705a00000| Untracked 
|  13|0x0000000705c00000, 0x0000000705dffff8, 0x0000000705e00000| 99%| O|  |TAMS 0x0000000705dffff8, 0x0000000705c00000| Untracked 
|  14|0x0000000705e00000, 0x0000000705ffffb8, 0x0000000706000000| 99%| O|  |TAMS 0x0000000705e00000, 0x0000000705e00000| Untracked 
|  15|0x0000000706000000, 0x00000007061e96f8, 0x0000000706200000| 95%| O|  |TAMS 0x0000000706000000, 0x0000000706000000| Untracked 
|  16|0x0000000706200000, 0x00000007062f1808, 0x0000000706400000| 47%| O|  |TAMS 0x0000000706200000, 0x0000000706200000| Untracked 
|  17|0x0000000706400000, 0x00000007065ddc28, 0x0000000706600000| 93%| O|  |TAMS 0x0000000706400000, 0x0000000706400000| Untracked 
|  18|0x0000000706600000, 0x0000000706600000, 0x0000000706800000|  0%| F|  |TAMS 0x0000000706600000, 0x0000000706600000| Untracked 
|  19|0x0000000706800000, 0x0000000706800000, 0x0000000706a00000|  0%| F|  |TAMS 0x0000000706800000, 0x0000000706800000| Untracked 
|  20|0x0000000706a00000, 0x0000000706b2e7c0, 0x0000000706c00000| 59%| O|  |TAMS 0x0000000706a00000, 0x0000000706a00000| Untracked 
|  21|0x0000000706c00000, 0x0000000706c427d8, 0x0000000706e00000| 12%| O|  |TAMS 0x0000000706c00000, 0x0000000706c00000| Untracked 
|  22|0x0000000706e00000, 0x0000000706e00000, 0x0000000707000000|  0%| F|  |TAMS 0x0000000706e00000, 0x0000000706e00000| Untracked 
|  23|0x0000000707000000, 0x0000000707000000, 0x0000000707200000|  0%| F|  |TAMS 0x0000000707000000, 0x0000000707000000| Untracked 
|  24|0x0000000707200000, 0x0000000707200000, 0x0000000707400000|  0%| F|  |TAMS 0x0000000707200000, 0x0000000707200000| Untracked 
|  25|0x0000000707400000, 0x0000000707400000, 0x0000000707600000|  0%| F|  |TAMS 0x0000000707400000, 0x0000000707400000| Untracked 
|  26|0x0000000707600000, 0x0000000707600000, 0x0000000707800000|  0%| F|  |TAMS 0x0000000707600000, 0x0000000707600000| Untracked 
|  27|0x0000000707800000, 0x0000000707800000, 0x0000000707a00000|  0%| F|  |TAMS 0x0000000707800000, 0x0000000707800000| Untracked 
|  28|0x0000000707a00000, 0x0000000707a00000, 0x0000000707c00000|  0%| F|  |TAMS 0x0000000707a00000, 0x0000000707a00000| Untracked 
|  29|0x0000000707c00000, 0x0000000707c00000, 0x0000000707e00000|  0%| F|  |TAMS 0x0000000707c00000, 0x0000000707c00000| Untracked 
|  30|0x0000000707e00000, 0x0000000707fc07f0, 0x0000000708000000| 87%| S|CS|TAMS 0x0000000707e00000, 0x0000000707e00000| Complete 
|  31|0x0000000708000000, 0x0000000708200000, 0x0000000708200000|100%| S|CS|TAMS 0x0000000708000000, 0x0000000708000000| Complete 
|  32|0x0000000708200000, 0x0000000708400000, 0x0000000708400000|100%| S|CS|TAMS 0x0000000708200000, 0x0000000708200000| Complete 
|  33|0x0000000708400000, 0x0000000708400000, 0x0000000708600000|  0%| F|  |TAMS 0x0000000708400000, 0x0000000708400000| Untracked 
|  34|0x0000000708600000, 0x0000000708600000, 0x0000000708800000|  0%| F|  |TAMS 0x0000000708600000, 0x0000000708600000| Untracked 
|  35|0x0000000708800000, 0x0000000708800000, 0x0000000708a00000|  0%| F|  |TAMS 0x0000000708800000, 0x0000000708800000| Untracked 
|  36|0x0000000708a00000, 0x0000000708a00000, 0x0000000708c00000|  0%| F|  |TAMS 0x0000000708a00000, 0x0000000708a00000| Untracked 
|  37|0x0000000708c00000, 0x0000000708c00000, 0x0000000708e00000|  0%| F|  |TAMS 0x0000000708c00000, 0x0000000708c00000| Untracked 
|  38|0x0000000708e00000, 0x0000000708e00000, 0x0000000709000000|  0%| F|  |TAMS 0x0000000708e00000, 0x0000000708e00000| Untracked 
|  39|0x0000000709000000, 0x0000000709000000, 0x0000000709200000|  0%| F|  |TAMS 0x0000000709000000, 0x0000000709000000| Untracked 
|  40|0x0000000709200000, 0x0000000709200000, 0x0000000709400000|  0%| F|  |TAMS 0x0000000709200000, 0x0000000709200000| Untracked 
|  41|0x0000000709400000, 0x0000000709400000, 0x0000000709600000|  0%| F|  |TAMS 0x0000000709400000, 0x0000000709400000| Untracked 
|  42|0x0000000709600000, 0x0000000709600000, 0x0000000709800000|  0%| F|  |TAMS 0x0000000709600000, 0x0000000709600000| Untracked 
|  43|0x0000000709800000, 0x0000000709800000, 0x0000000709a00000|  0%| F|  |TAMS 0x0000000709800000, 0x0000000709800000| Untracked 
|  44|0x0000000709a00000, 0x0000000709a00000, 0x0000000709c00000|  0%| F|  |TAMS 0x0000000709a00000, 0x0000000709a00000| Untracked 
|  45|0x0000000709c00000, 0x0000000709c00000, 0x0000000709e00000|  0%| F|  |TAMS 0x0000000709c00000, 0x0000000709c00000| Untracked 
|  46|0x0000000709e00000, 0x0000000709e00000, 0x000000070a000000|  0%| F|  |TAMS 0x0000000709e00000, 0x0000000709e00000| Untracked 
|  47|0x000000070a000000, 0x000000070a000000, 0x000000070a200000|  0%| F|  |TAMS 0x000000070a000000, 0x000000070a000000| Untracked 
|  48|0x000000070a200000, 0x000000070a200000, 0x000000070a400000|  0%| F|  |TAMS 0x000000070a200000, 0x000000070a200000| Untracked 
|  49|0x000000070a400000, 0x000000070a400000, 0x000000070a600000|  0%| F|  |TAMS 0x000000070a400000, 0x000000070a400000| Untracked 
|  50|0x000000070a600000, 0x000000070a600000, 0x000000070a800000|  0%| F|  |TAMS 0x000000070a600000, 0x000000070a600000| Untracked 
|  51|0x000000070a800000, 0x000000070a800000, 0x000000070aa00000|  0%| F|  |TAMS 0x000000070a800000, 0x000000070a800000| Untracked 
|  52|0x000000070aa00000, 0x000000070aa00000, 0x000000070ac00000|  0%| F|  |TAMS 0x000000070aa00000, 0x000000070aa00000| Untracked 
|  53|0x000000070ac00000, 0x000000070ac00000, 0x000000070ae00000|  0%| F|  |TAMS 0x000000070ac00000, 0x000000070ac00000| Untracked 
|  54|0x000000070ae00000, 0x000000070ae00000, 0x000000070b000000|  0%| F|  |TAMS 0x000000070ae00000, 0x000000070ae00000| Untracked 
|  55|0x000000070b000000, 0x000000070b000000, 0x000000070b200000|  0%| F|  |TAMS 0x000000070b000000, 0x000000070b000000| Untracked 
|  56|0x000000070b200000, 0x000000070b200000, 0x000000070b400000|  0%| F|  |TAMS 0x000000070b200000, 0x000000070b200000| Untracked 
|  57|0x000000070b400000, 0x000000070b400000, 0x000000070b600000|  0%| F|  |TAMS 0x000000070b400000, 0x000000070b400000| Untracked 
|  58|0x000000070b600000, 0x000000070b600000, 0x000000070b800000|  0%| F|  |TAMS 0x000000070b600000, 0x000000070b600000| Untracked 
|  59|0x000000070b800000, 0x000000070b99b830, 0x000000070ba00000| 80%| E|  |TAMS 0x000000070b800000, 0x000000070b800000| Complete 
|  60|0x000000070ba00000, 0x000000070bc00000, 0x000000070bc00000|100%| E|CS|TAMS 0x000000070ba00000, 0x000000070ba00000| Complete 
|  61|0x000000070bc00000, 0x000000070be00000, 0x000000070be00000|100%| E|CS|TAMS 0x000000070bc00000, 0x000000070bc00000| Complete 
|  62|0x000000070be00000, 0x000000070c000000, 0x000000070c000000|100%| E|CS|TAMS 0x000000070be00000, 0x000000070be00000| Complete 
|  63|0x000000070c000000, 0x000000070c200000, 0x000000070c200000|100%| E|CS|TAMS 0x000000070c000000, 0x000000070c000000| Complete 
|  64|0x000000070c200000, 0x000000070c400000, 0x000000070c400000|100%| E|CS|TAMS 0x000000070c200000, 0x000000070c200000| Complete 
|  65|0x000000070c400000, 0x000000070c600000, 0x000000070c600000|100%| E|CS|TAMS 0x000000070c400000, 0x000000070c400000| Complete 
|  66|0x000000070c600000, 0x000000070c800000, 0x000000070c800000|100%| E|CS|TAMS 0x000000070c600000, 0x000000070c600000| Complete 

Card table byte_map: [0x0000022be9aa0000,0x0000022bea280000] _byte_map_base: 0x0000022be627f000

Marking Bits (Prev, Next): (CMBitMap*) 0x0000022bd275abf0, (CMBitMap*) 0x0000022bd275abb0
 Prev Bits: [0x0000022bee960000, 0x0000022bf2858000)
 Next Bits: [0x0000022beaa60000, 0x0000022bee958000)

Polling page: 0x0000022bd0480000

Metaspace:

Usage:
  Non-class:     76.87 MB used.
      Class:     10.32 MB used.
       Both:     87.19 MB used.

Virtual space:
  Non-class space:      128.00 MB reserved,      77.19 MB ( 60%) committed,  2 nodes.
      Class space:        1.00 GB reserved,      10.62 MB (  1%) committed,  1 nodes.
             Both:        1.12 GB reserved,      87.81 MB (  8%) committed. 

Chunk freelists:
   Non-Class:  2.69 MB
       Class:  5.39 MB
        Both:  8.08 MB

MaxMetaspaceSize: unlimited
CompressedClassSpaceSize: 1.00 GB
Initial GC threshold: 21.00 MB
Current GC threshold: 144.38 MB
CDS: on
MetaspaceReclaimPolicy: balanced
 - commit_granule_bytes: 65536.
 - commit_granule_words: 8192.
 - virtual_space_node_default_size: 8388608.
 - enlarge_chunks_in_place: 1.
 - new_chunks_are_fully_committed: 0.
 - uncommit_free_chunks: 1.
 - use_allocation_guard: 0.
 - handle_deallocations: 1.


Internal statistics:

num_allocs_failed_limit: 6.
num_arena_births: 908.
num_arena_deaths: 8.
num_vsnodes_births: 3.
num_vsnodes_deaths: 0.
num_space_committed: 1405.
num_space_uncommitted: 0.
num_chunks_returned_to_freelist: 15.
num_chunks_taken_from_freelist: 4467.
num_chunk_merges: 6.
num_chunk_splits: 3003.
num_chunks_enlarged: 2108.
num_inconsistent_stats: 0.

CodeHeap 'non-profiled nmethods': size=120000Kb used=18869Kb max_used=18937Kb free=101130Kb
 bounds [0x0000022be1a60000, 0x0000022be2ce0000, 0x0000022be8f90000]
CodeHeap 'profiled nmethods': size=120000Kb used=27424Kb max_used=27895Kb free=92576Kb
 bounds [0x0000022bd9f90000, 0x0000022bdbb10000, 0x0000022be14c0000]
CodeHeap 'non-nmethods': size=5760Kb used=1390Kb max_used=1471Kb free=4369Kb
 bounds [0x0000022be14c0000, 0x0000022be1730000, 0x0000022be1a60000]
 total_blobs=15995 nmethods=15286 adapters=619
 compilation: enabled
              stopped_count=0, restarted_count=0
 full_count=0

Compilation events (20 events):
Event: 257.364 Thread 0x0000022bf5401a00 20149       3       org.hibernate.service.internal.AbstractServiceRegistryImpl::locateServiceBinding (231 bytes)
Event: 257.365 Thread 0x0000022bf5401a00 nmethod 20149 0x0000022bdae0fc90 code [0x0000022bdae10000, 0x0000022bdae11788]
Event: 257.366 Thread 0x0000022bfbdd8b60 nmethod 19994 0x0000022be26dc290 code [0x0000022be26dc420, 0x0000022be26dc818]
Event: 257.366 Thread 0x0000022bfbdd8b60 20121       4       org.hibernate.tuple.entity.EntityMetamodel$NoInDatabaseValueGenerationStrategy::getGenerationTiming (4 bytes)
Event: 257.366 Thread 0x0000022bfbdd8b60 nmethod 20121 0x0000022be26dbf90 code [0x0000022be26dc100, 0x0000022be26dc178]
Event: 257.371 Thread 0x0000022bfbdda0a0 nmethod 20089 0x0000022be26d8090 code [0x0000022be26d8320, 0x0000022be26daaf0]
Event: 257.371 Thread 0x0000022bf5401a00 20150       3       org.hibernate.service.internal.AbstractServiceRegistryImpl::locateServiceBinding (7 bytes)
Event: 257.371 Thread 0x0000022bf5401a00 nmethod 20150 0x0000022bdb5fa410 code [0x0000022bdb5fa5a0, 0x0000022bdb5fa768]
Event: 257.372 Thread 0x0000022bf5401a00 20151       3       ch.qos.logback.classic.pattern.TargetLengthBasedClassNameAbbreviator::computeLengthArray (132 bytes)
Event: 257.372 Thread 0x0000022bf5401a00 nmethod 20151 0x0000022bdafbc090 code [0x0000022bdafbc280, 0x0000022bdafbc858]
Event: 257.414 Thread 0x0000022bf5401a00 20152       3       org.springframework.data.repository.core.support.RepositoryFactorySupport::createProjectionFactory (10 bytes)
Event: 257.415 Thread 0x0000022bf5401a00 nmethod 20152 0x0000022bdb70cc90 code [0x0000022bdb70cea0, 0x0000022bdb70d6a8]
Event: 257.415 Thread 0x0000022bf5401a00 20153       3       org.springframework.data.repository.core.support.RepositoryFactorySupport$$Lambda$717/0x0000022b816686b8::<init> (10 bytes)
Event: 257.415 Thread 0x0000022bf5401a00 nmethod 20153 0x0000022bdb5f9d90 code [0x0000022bdb5f9f20, 0x0000022bdb5fa0d8]
Event: 257.416 Thread 0x0000022bf5401a00 20154       1       sun.reflect.generics.reflectiveObjects.LazyReflectiveObjectGenerator::getFactory (5 bytes)
Event: 257.416 Thread 0x0000022bf5401a00 nmethod 20154 0x0000022be26d7d90 code [0x0000022be26d7f20, 0x0000022be26d7ff8]
Event: 257.418 Thread 0x0000022bfbdda0a0 20155       4       java.util.stream.ForEachOps$ForEachOp$OfRef::accept (11 bytes)
Event: 257.419 Thread 0x0000022bfbdda0a0 nmethod 20155 0x0000022be26d7a90 code [0x0000022be26d7c00, 0x0000022be26d7c98]
Event: 257.419 Thread 0x0000022bfbdda0a0 20156   !   4       jdk.proxy2.$Proxy101::annotationType (29 bytes)
Event: 257.421 Thread 0x0000022bfbdda0a0 nmethod 20156 0x0000022be26d7610 code [0x0000022be26d77a0, 0x0000022be26d7908]

GC Heap History (20 events):
Event: 221.094 GC heap before
{Heap before GC invocations=256 (full 2):
 garbage-first heap   total 137216K, used 75648K [0x0000000704200000, 0x0000000800000000)
  region size 2048K, 15 young (30720K), 1 survivors (2048K)
 Metaspace       used 84078K, committed 84672K, reserved 1179648K
  class space    used 10210K, committed 10496K, reserved 1048576K
}
Event: 221.199 GC heap after
{Heap after GC invocations=257 (full 3):
 garbage-first heap   total 137216K, used 39084K [0x0000000704200000, 0x0000000800000000)
  region size 2048K, 0 young (0K), 0 survivors (0K)
 Metaspace       used 84075K, committed 84672K, reserved 1179648K
  class space    used 10209K, committed 10496K, reserved 1048576K
}
Event: 223.309 GC heap before
{Heap before GC invocations=257 (full 3):
 garbage-first heap   total 137216K, used 116908K [0x0000000704200000, 0x0000000800000000)
  region size 2048K, 38 young (77824K), 0 survivors (0K)
 Metaspace       used 85184K, committed 85760K, reserved 1179648K
  class space    used 10302K, committed 10560K, reserved 1048576K
}
Event: 223.315 GC heap after
{Heap after GC invocations=258 (full 3):
 garbage-first heap   total 137216K, used 44764K [0x0000000704200000, 0x0000000800000000)
  region size 2048K, 3 young (6144K), 3 survivors (6144K)
 Metaspace       used 85184K, committed 85760K, reserved 1179648K
  class space    used 10302K, committed 10560K, reserved 1048576K
}
Event: 224.842 GC heap before
{Heap before GC invocations=258 (full 3):
 garbage-first heap   total 137216K, used 112348K [0x0000000704200000, 0x0000000800000000)
  region size 2048K, 36 young (73728K), 3 survivors (6144K)
 Metaspace       used 85782K, committed 86400K, reserved 1179648K
  class space    used 10327K, committed 10624K, reserved 1048576K
}
Event: 224.851 GC heap after
{Heap after GC invocations=259 (full 3):
 garbage-first heap   total 137216K, used 47913K [0x0000000704200000, 0x0000000800000000)
  region size 2048K, 2 young (4096K), 2 survivors (4096K)
 Metaspace       used 85782K, committed 86400K, reserved 1179648K
  class space    used 10327K, committed 10624K, reserved 1048576K
}
Event: 225.608 GC heap before
{Heap before GC invocations=259 (full 3):
 garbage-first heap   total 137216K, used 109353K [0x0000000704200000, 0x0000000800000000)
  region size 2048K, 32 young (65536K), 2 survivors (4096K)
 Metaspace       used 86189K, committed 86784K, reserved 1179648K
  class space    used 10347K, committed 10624K, reserved 1048576K
}
Event: 225.615 GC heap after
{Heap after GC invocations=260 (full 3):
 garbage-first heap   total 137216K, used 51199K [0x0000000704200000, 0x0000000800000000)
  region size 2048K, 4 young (8192K), 4 survivors (8192K)
 Metaspace       used 86189K, committed 86784K, reserved 1179648K
  class space    used 10347K, committed 10624K, reserved 1048576K
}
Event: 227.155 GC heap before
{Heap before GC invocations=260 (full 3):
 garbage-first heap   total 137216K, used 57343K [0x0000000704200000, 0x0000000800000000)
  region size 2048K, 8 young (16384K), 4 survivors (8192K)
 Metaspace       used 86222K, committed 86784K, reserved 1179648K
  class space    used 10348K, committed 10624K, reserved 1048576K
}
Event: 227.239 GC heap after
{Heap after GC invocations=261 (full 4):
 garbage-first heap   total 137216K, used 35631K [0x0000000704200000, 0x0000000800000000)
  region size 2048K, 0 young (0K), 0 survivors (0K)
 Metaspace       used 86220K, committed 86784K, reserved 1179648K
  class space    used 10347K, committed 10624K, reserved 1048576K
}
Event: 228.270 GC heap before
{Heap before GC invocations=261 (full 4):
 garbage-first heap   total 137216K, used 105263K [0x0000000704200000, 0x0000000800000000)
  region size 2048K, 34 young (69632K), 0 survivors (0K)
 Metaspace       used 87096K, committed 87680K, reserved 1179648K
  class space    used 10425K, committed 10688K, reserved 1048576K
}
Event: 228.275 GC heap after
{Heap after GC invocations=262 (full 4):
 garbage-first heap   total 137216K, used 41675K [0x0000000704200000, 0x0000000800000000)
  region size 2048K, 3 young (6144K), 3 survivors (6144K)
 Metaspace       used 87096K, committed 87680K, reserved 1179648K
  class space    used 10425K, committed 10688K, reserved 1048576K
}
Event: 228.896 GC heap before
{Heap before GC invocations=262 (full 4):
 garbage-first heap   total 137216K, used 105163K [0x0000000704200000, 0x0000000800000000)
  region size 2048K, 34 young (69632K), 3 survivors (6144K)
 Metaspace       used 87612K, committed 88256K, reserved 1179648K
  class space    used 10450K, committed 10752K, reserved 1048576K
}
Event: 228.903 GC heap after
{Heap after GC invocations=263 (full 4):
 garbage-first heap   total 137216K, used 44293K [0x0000000704200000, 0x0000000800000000)
  region size 2048K, 2 young (4096K), 2 survivors (4096K)
 Metaspace       used 87612K, committed 88256K, reserved 1179648K
  class space    used 10450K, committed 10752K, reserved 1048576K
}
Event: 229.534 GC heap before
{Heap before GC invocations=263 (full 4):
 garbage-first heap   total 137216K, used 105733K [0x0000000704200000, 0x0000000800000000)
  region size 2048K, 32 young (65536K), 2 survivors (4096K)
 Metaspace       used 88124K, committed 88704K, reserved 1179648K
  class space    used 10475K, committed 10752K, reserved 1048576K
}
Event: 229.539 GC heap after
{Heap after GC invocations=264 (full 4):
 garbage-first heap   total 137216K, used 46693K [0x0000000704200000, 0x0000000800000000)
  region size 2048K, 3 young (6144K), 3 survivors (6144K)
 Metaspace       used 88124K, committed 88704K, reserved 1179648K
  class space    used 10475K, committed 10752K, reserved 1048576K
}
Event: 256.111 GC heap before
{Heap before GC invocations=264 (full 4):
 garbage-first heap   total 137216K, used 83557K [0x0000000704200000, 0x0000000800000000)
  region size 2048K, 22 young (45056K), 3 survivors (6144K)
 Metaspace       used 88150K, committed 88704K, reserved 1179648K
  class space    used 10476K, committed 10752K, reserved 1048576K
}
Event: 256.192 GC heap after
{Heap after GC invocations=265 (full 5):
 garbage-first heap   total 137216K, used 37026K [0x0000000704200000, 0x0000000800000000)
  region size 2048K, 0 young (0K), 0 survivors (0K)
 Metaspace       used 88148K, committed 88704K, reserved 1179648K
  class space    used 10475K, committed 10752K, reserved 1048576K
}
Event: 257.177 GC heap before
{Heap before GC invocations=265 (full 5):
 garbage-first heap   total 137216K, used 106658K [0x0000000704200000, 0x0000000800000000)
  region size 2048K, 34 young (69632K), 0 survivors (0K)
 Metaspace       used 89082K, committed 89792K, reserved 1179648K
  class space    used 10559K, committed 10880K, reserved 1048576K
}
Event: 257.182 GC heap after
{Heap after GC invocations=266 (full 5):
 garbage-first heap   total 137216K, used 42916K [0x0000000704200000, 0x0000000800000000)
  region size 2048K, 3 young (6144K), 3 survivors (6144K)
 Metaspace       used 89082K, committed 89792K, reserved 1179648K
  class space    used 10559K, committed 10880K, reserved 1048576K
}

Deoptimization events (20 events):
Event: 257.127 Thread 0x0000022bfa6dac30 Uncommon trap: trap_request=0xfffffff4 fr.pc=0x0000022be29d8880 relative=0x00000000000003a0
Event: 257.127 Thread 0x0000022bfa6dac30 Uncommon trap: reason=null_check action=make_not_entrant pc=0x0000022be29d8880 method=net.bytebuddy.description.annotation.AnnotationDescription$ForLoadedAnnotation.asValue(Ljava/lang/Object;Ljava/lang/Class;)Lnet/bytebuddy/description/annotation/Annotati
Event: 257.127 Thread 0x0000022bfa6dac30 DEOPT PACKING pc=0x0000022be29d8880 sp=0x000000e7bd8f7a60
Event: 257.127 Thread 0x0000022bfa6dac30 DEOPT UNPACKING pc=0x0000022be1515ba3 sp=0x000000e7bd8f79e0 mode 2
Event: 257.168 Thread 0x0000022bfa6dac30 Uncommon trap: trap_request=0xfffffff4 fr.pc=0x0000022be2a2de30 relative=0x0000000000000450
Event: 257.168 Thread 0x0000022bfa6dac30 Uncommon trap: reason=null_check action=make_not_entrant pc=0x0000022be2a2de30 method=net.bytebuddy.description.annotation.AnnotationDescription$ForLoadedAnnotation.asValue(Ljava/lang/Object;Ljava/lang/Class;)Lnet/bytebuddy/description/annotation/Annotati
Event: 257.168 Thread 0x0000022bfa6dac30 DEOPT PACKING pc=0x0000022be2a2de30 sp=0x000000e7bd8f7a60
Event: 257.168 Thread 0x0000022bfa6dac30 DEOPT UNPACKING pc=0x0000022be1515ba3 sp=0x000000e7bd8f79e0 mode 2
Event: 257.212 Thread 0x0000022bfa6dac30 Uncommon trap: trap_request=0xfffffff4 fr.pc=0x0000022be2af2f00 relative=0x0000000000000c20
Event: 257.212 Thread 0x0000022bfa6dac30 Uncommon trap: reason=null_check action=make_not_entrant pc=0x0000022be2af2f00 method=org.hibernate.internal.util.ReflectHelper.findGetterMethodForFieldAccess(Ljava/lang/reflect/Field;Ljava/lang/String;)Ljava/lang/reflect/Method; @ 60 c2
Event: 257.212 Thread 0x0000022bfa6dac30 DEOPT PACKING pc=0x0000022be2af2f00 sp=0x000000e7bd8f8ad0
Event: 257.212 Thread 0x0000022bfa6dac30 DEOPT UNPACKING pc=0x0000022be1515ba3 sp=0x000000e7bd8f8a90 mode 2
Event: 257.416 Thread 0x0000022bfa6dac30 Uncommon trap: trap_request=0xffffffbe fr.pc=0x0000022be24dbfcc relative=0x000000000000022c
Event: 257.416 Thread 0x0000022bfa6dac30 Uncommon trap: reason=profile_predicate action=maybe_recompile pc=0x0000022be24dbfcc method=java.util.HashMap.valuesToArray([Ljava/lang/Object;)[Ljava/lang/Object; @ 48 c2
Event: 257.416 Thread 0x0000022bfa6dac30 DEOPT PACKING pc=0x0000022be24dbfcc sp=0x000000e7bd8fa440
Event: 257.416 Thread 0x0000022bfa6dac30 DEOPT UNPACKING pc=0x0000022be1515ba3 sp=0x000000e7bd8fa3d8 mode 2
Event: 257.417 Thread 0x0000022bfa6dac30 Uncommon trap: trap_request=0xffffffbe fr.pc=0x0000022be24dbfcc relative=0x000000000000022c
Event: 257.417 Thread 0x0000022bfa6dac30 Uncommon trap: reason=profile_predicate action=maybe_recompile pc=0x0000022be24dbfcc method=java.util.HashMap.valuesToArray([Ljava/lang/Object;)[Ljava/lang/Object; @ 48 c2
Event: 257.417 Thread 0x0000022bfa6dac30 DEOPT PACKING pc=0x0000022be24dbfcc sp=0x000000e7bd8fa550
Event: 257.417 Thread 0x0000022bfa6dac30 DEOPT UNPACKING pc=0x0000022be1515ba3 sp=0x000000e7bd8fa4e8 mode 2

Classes unloaded (4 events):
Event: 48.330 Thread 0x0000022bf52b38b0 Unloading class 0x0000022b818f8400 'java/lang/invoke/LambdaForm$DMH+0x0000022b818f8400'
Event: 221.124 Thread 0x0000022bf52b38b0 Unloading class 0x0000022b81a0cc00 'org/apache/catalina/loader/JdbcLeakPrevention'
Event: 227.172 Thread 0x0000022bf52b38b0 Unloading class 0x0000022b81a34c00 'org/apache/catalina/loader/JdbcLeakPrevention'
Event: 256.129 Thread 0x0000022bf52b38b0 Unloading class 0x0000022b81a58800 'org/apache/catalina/loader/JdbcLeakPrevention'

Classes redefined (0 events):
No events

Internal exceptions (20 events):
Event: 228.953 Thread 0x0000022bff5f9690 Exception <a 'java/lang/ClassNotFoundException'{0x000000070c11d870}: duan/sportify/service/BookingServiceCustomizer> (0x000000070c11d870) 
thrown [s\open\src\hotspot\share\classfile\systemDictionary.cpp, line 256]
Event: 229.105 Thread 0x0000022bff5f9690 Exception <a 'java/lang/ClassNotFoundException'{0x000000070b4f0760}: java/lang/ObjectCustomizer> (0x000000070b4f0760) 
thrown [s\open\src\hotspot\share\classfile\systemDictionary.cpp, line 256]
Event: 229.107 Thread 0x0000022bff5f9690 Exception <a 'java/lang/ClassNotFoundException'{0x000000070b4f9538}: duan/sportify/entities/VoucherCustomizer> (0x000000070b4f9538) 
thrown [s\open\src\hotspot\share\classfile\systemDictionary.cpp, line 256]
Event: 229.149 Thread 0x0000022bff5f9690 Exception <a 'java/io/FileNotFoundException'{0x000000070b1aba28}> (0x000000070b1aba28) 
thrown [s\open\src\hotspot\share\prims\jni.cpp, line 516]
Event: 229.149 Thread 0x0000022bff5f9690 Exception <a 'java/io/FileNotFoundException'{0x000000070b1ac758}> (0x000000070b1ac758) 
thrown [s\open\src\hotspot\share\prims\jni.cpp, line 516]
Event: 229.183 Thread 0x0000022bff5f9690 Implicit null exception at 0x0000022be275af7b to 0x0000022be2760ed8
Event: 229.345 Thread 0x0000022bff5f9690 Exception <a 'java/lang/ClassNotFoundException'{0x000000070a4f11b0}: java/lang/ObjectCustomizer> (0x000000070a4f11b0) 
thrown [s\open\src\hotspot\share\classfile\systemDictionary.cpp, line 256]
Event: 229.345 Thread 0x0000022bff5f9690 Exception <a 'java/lang/ClassNotFoundException'{0x000000070a4f9790}: duan/sportify/controller/PaymentVNPayControllerCustomizer> (0x000000070a4f9790) 
thrown [s\open\src\hotspot\share\classfile\systemDictionary.cpp, line 256]
Event: 256.103 Thread 0x0000022bff5fd350 Exception <a 'java/lang/InterruptedException'{0x000000070a573f58}: sleep interrupted> (0x000000070a573f58) 
thrown [s\open\src\hotspot\share\prims\jvm.cpp, line 3064]
Event: 256.200 Thread 0x0000022bfa6dac30 Exception <a 'sun/nio/fs/WindowsException'{0x000000070c6ae0e0}> (0x000000070c6ae0e0) 
thrown [s\open\src\hotspot\share\prims\jni.cpp, line 516]
Event: 256.895 Thread 0x0000022bfa6dac30 Exception <a 'java/lang/NoClassDefFoundError'{0x0000000709f248c8}: org/flywaydb/core/Flyway> (0x0000000709f248c8) 
thrown [s\open\src\hotspot\share\oops\constantPool.cpp, line 837]
Event: 256.895 Thread 0x0000022bfa6dac30 Exception <a 'java/lang/NoClassDefFoundError'{0x0000000709f24f18}: liquibase/integration/spring/SpringLiquibase> (0x0000000709f24f18) 
thrown [s\open\src\hotspot\share\oops\constantPool.cpp, line 837]
Event: 256.902 Thread 0x0000022bfa6dac30 Exception <a 'java/lang/NoClassDefFoundError'{0x0000000709fd61e0}: org/jooq/DSLContext> (0x0000000709fd61e0) 
thrown [s\open\src\hotspot\share\oops\constantPool.cpp, line 837]
Event: 256.902 Thread 0x0000022bfa6dac30 Exception <a 'java/lang/NoClassDefFoundError'{0x0000000709fe8610}: org/springframework/batch/core/repository/JobRepository> (0x0000000709fe8610) 
thrown [s\open\src\hotspot\share\oops\constantPool.cpp, line 837]
Event: 256.902 Thread 0x0000022bfa6dac30 Exception <a 'java/lang/NoClassDefFoundError'{0x0000000709fe8c58}: org/quartz/Scheduler> (0x0000000709fe8c58) 
thrown [s\open\src\hotspot\share\oops\constantPool.cpp, line 837]
Event: 256.902 Thread 0x0000022bfa6dac30 Exception <a 'java/lang/NoClassDefFoundError'{0x0000000709fe92c8}: org/springframework/session/jdbc/JdbcIndexedSessionRepository> (0x0000000709fe92c8) 
thrown [s\open\src\hotspot\share\oops\constantPool.cpp, line 837]
Event: 257.096 Thread 0x0000022bfa6dac30 Implicit null exception at 0x0000022be2cae6f9 to 0x0000022be2caeaec
Event: 257.212 Thread 0x0000022bfa6dac30 Implicit null exception at 0x0000022be2af23c0 to 0x0000022be2af2ee4
Event: 257.415 Thread 0x0000022bfa6dac30 Exception <a 'java/lang/ClassNotFoundException'{0x000000070bdc6ee8}: java/lang/ObjectCustomizer> (0x000000070bdc6ee8) 
thrown [s\open\src\hotspot\share\classfile\systemDictionary.cpp, line 256]
Event: 257.417 Thread 0x0000022bfa6dac30 Exception <a 'java/lang/ClassNotFoundException'{0x000000070bdd1558}: duan/sportify/entities/UsersCustomizer> (0x000000070bdd1558) 
thrown [s\open\src\hotspot\share\classfile\systemDictionary.cpp, line 256]

VM Operations (20 events):
Event: 228.117 Executing VM operation: HandshakeAllThreads
Event: 228.118 Executing VM operation: HandshakeAllThreads done
Event: 228.270 Executing VM operation: G1CollectForAllocation
Event: 228.275 Executing VM operation: G1CollectForAllocation done
Event: 228.811 Executing VM operation: HandshakeAllThreads
Event: 228.834 Executing VM operation: HandshakeAllThreads done
Event: 228.896 Executing VM operation: G1CollectForAllocation
Event: 228.904 Executing VM operation: G1CollectForAllocation done
Event: 229.183 Executing VM operation: HandshakeAllThreads
Event: 229.184 Executing VM operation: HandshakeAllThreads done
Event: 229.534 Executing VM operation: G1CollectForAllocation
Event: 229.539 Executing VM operation: G1CollectForAllocation done
Event: 230.542 Executing VM operation: Cleanup
Event: 230.542 Executing VM operation: Cleanup done
Event: 240.458 Executing VM operation: HandshakeAllThreads
Event: 240.458 Executing VM operation: HandshakeAllThreads done
Event: 256.111 Executing VM operation: G1CollectFull
Event: 256.193 Executing VM operation: G1CollectFull done
Event: 257.177 Executing VM operation: G1CollectForAllocation
Event: 257.182 Executing VM operation: G1CollectForAllocation done

Events (20 events):
Event: 256.103 Thread 0x0000022bfa6dd9c0 Thread exited: 0x0000022bfa6dd9c0
Event: 256.103 Thread 0x0000022bff5fd350 Thread exited: 0x0000022bff5fd350
Event: 256.104 Thread 0x0000022bff5fc420 Thread exited: 0x0000022bff5fc420
Event: 256.104 Thread 0x0000022bff5f8760 Thread exited: 0x0000022bff5f8760
Event: 256.109 Thread 0x0000022bfa6dcfa0 Thread added: 0x0000022bfa6dcfa0
Event: 256.109 Thread 0x0000022bff5fba00 Thread exited: 0x0000022bff5fba00
Event: 256.111 Thread 0x0000022bfa6dcfa0 Thread exited: 0x0000022bfa6dcfa0
Event: 256.193 Thread 0x0000022bfa6da720 Thread added: 0x0000022bfa6da720
Event: 256.193 Thread 0x0000022bfa6da720 Thread exited: 0x0000022bfa6da720
Event: 256.193 Thread 0x0000022bfa6dac30 Thread added: 0x0000022bfa6dac30
Event: 256.451 Thread 0x0000022bfa6dd9c0 Thread added: 0x0000022bfa6dd9c0
Event: 256.465 Thread 0x0000022bfa6dd9c0 Thread exited: 0x0000022bfa6dd9c0
Event: 256.631 Thread 0x0000022bfbdd8b60 Thread added: 0x0000022bfbdd8b60
Event: 256.937 Thread 0x0000022bfbdda0a0 Thread added: 0x0000022bfbdda0a0
Event: 256.978 Thread 0x0000022bfa6dcfa0 Thread added: 0x0000022bfa6dcfa0
Event: 257.098 Thread 0x0000022bfa6dd9c0 Thread added: 0x0000022bfa6dd9c0
Event: 257.415 loading class java/lang/ObjectCustomizer
Event: 257.415 loading class java/lang/ObjectCustomizer done
Event: 257.415 loading class java/lang/ObjectCustomizer
Event: 257.415 loading class java/lang/ObjectCustomizer done


Dynamic libraries:
0x00007ff669a10000 - 0x00007ff669a20000 	C:\Program Files\Java\jdk-17.0.12\bin\java.exe
0x00007ffe532e0000 - 0x00007ffe53549000 	C:\WINDOWS\SYSTEM32\ntdll.dll
0x00007ffe52a80000 - 0x00007ffe52b49000 	C:\WINDOWS\System32\KERNEL32.DLL
0x00007ffe509e0000 - 0x00007ffe50dd3000 	C:\WINDOWS\System32\KERNELBASE.dll
0x00007ffe50470000 - 0x00007ffe505bb000 	C:\WINDOWS\System32\ucrtbase.dll
0x00007ffe3bb10000 - 0x00007ffe3bb2b000 	C:\Program Files\Java\jdk-17.0.12\bin\VCRUNTIME140.dll
0x00007ffe3baf0000 - 0x00007ffe3bb09000 	C:\Program Files\Java\jdk-17.0.12\bin\jli.dll
0x00007ffe531c0000 - 0x00007ffe53274000 	C:\WINDOWS\System32\ADVAPI32.dll
0x00007ffe529d0000 - 0x00007ffe52a79000 	C:\WINDOWS\System32\msvcrt.dll
0x00007ffe528e0000 - 0x00007ffe52986000 	C:\WINDOWS\System32\sechost.dll
0x00007ffe51250000 - 0x00007ffe51368000 	C:\WINDOWS\System32\RPCRT4.dll
0x00007ffe52180000 - 0x00007ffe52344000 	C:\WINDOWS\System32\USER32.dll
0x00007ffe505c0000 - 0x00007ffe505e7000 	C:\WINDOWS\System32\win32u.dll
0x00007ffe52c50000 - 0x00007ffe52c7b000 	C:\WINDOWS\System32\GDI32.dll
0x00007ffe39a70000 - 0x00007ffe39d03000 	C:\WINDOWS\WinSxS\amd64_microsoft.windows.common-controls_6595b64144ccf1df_6.0.26100.5074_none_3e0d6f78e32fd63f\COMCTL32.dll
0x00007ffe505f0000 - 0x00007ffe5071d000 	C:\WINDOWS\System32\gdi32full.dll
0x00007ffe50930000 - 0x00007ffe509d3000 	C:\WINDOWS\System32\msvcp_win.dll
0x00007ffe3f3f0000 - 0x00007ffe3f3fb000 	C:\WINDOWS\SYSTEM32\VERSION.dll
0x00007ffe52990000 - 0x00007ffe529bf000 	C:\WINDOWS\System32\IMM32.DLL
0x00007ffe3c970000 - 0x00007ffe3c97c000 	C:\Program Files\Java\jdk-17.0.12\bin\vcruntime140_1.dll
0x00007ffdef360000 - 0x00007ffdef3ee000 	C:\Program Files\Java\jdk-17.0.12\bin\msvcp140.dll
0x00007ffdc1a70000 - 0x00007ffdc2650000 	C:\Program Files\Java\jdk-17.0.12\bin\server\jvm.dll
0x00007ffe53280000 - 0x00007ffe53288000 	C:\WINDOWS\System32\PSAPI.DLL
0x00007ffe35e00000 - 0x00007ffe35e0a000 	C:\WINDOWS\SYSTEM32\WSOCK32.dll
0x00007ffe47c60000 - 0x00007ffe47c95000 	C:\WINDOWS\SYSTEM32\WINMM.dll
0x00007ffe52800000 - 0x00007ffe52874000 	C:\WINDOWS\System32\WS2_32.dll
0x00007ffe4f250000 - 0x00007ffe4f26b000 	C:\WINDOWS\SYSTEM32\kernel.appcore.dll
0x00007ffe3c940000 - 0x00007ffe3c94a000 	C:\Program Files\Java\jdk-17.0.12\bin\jimage.dll
0x00007ffe4daf0000 - 0x00007ffe4dd32000 	C:\WINDOWS\SYSTEM32\DBGHELP.DLL
0x00007ffe52c80000 - 0x00007ffe52ffb000 	C:\WINDOWS\System32\combase.dll
0x00007ffe530e0000 - 0x00007ffe531b7000 	C:\WINDOWS\System32\OLEAUT32.dll
0x00007ffe18600000 - 0x00007ffe1863d000 	C:\WINDOWS\SYSTEM32\dbgcore.DLL
0x00007ffe50890000 - 0x00007ffe50929000 	C:\WINDOWS\System32\bcryptPrimitives.dll
0x00007ffe3ba40000 - 0x00007ffe3ba65000 	C:\Program Files\Java\jdk-17.0.12\bin\java.dll
0x00007ffdef280000 - 0x00007ffdef357000 	C:\Program Files\Java\jdk-17.0.12\bin\jsvml.dll
0x00007ffe51370000 - 0x00007ffe51abd000 	C:\WINDOWS\System32\SHELL32.dll
0x00007ffe50720000 - 0x00007ffe5088c000 	C:\WINDOWS\System32\wintypes.dll
0x00007ffe4e0a0000 - 0x00007ffe4e8f9000 	C:\WINDOWS\SYSTEM32\windows.storage.dll
0x00007ffe525b0000 - 0x00007ffe526a0000 	C:\WINDOWS\System32\SHCORE.dll
0x00007ffe52700000 - 0x00007ffe52762000 	C:\WINDOWS\System32\shlwapi.dll
0x00007ffe50390000 - 0x00007ffe503b9000 	C:\WINDOWS\SYSTEM32\profapi.dll
0x00007ffe3bad0000 - 0x00007ffe3bae9000 	C:\Program Files\Java\jdk-17.0.12\bin\net.dll
0x00007ffe41620000 - 0x00007ffe4173f000 	C:\WINDOWS\SYSTEM32\WINHTTP.dll
0x00007ffe4f7d0000 - 0x00007ffe4f83b000 	C:\WINDOWS\system32\mswsock.dll
0x00007ffe3b870000 - 0x00007ffe3b886000 	C:\Program Files\Java\jdk-17.0.12\bin\nio.dll
0x00007ffe397d0000 - 0x00007ffe397e8000 	C:\Program Files\Java\jdk-17.0.12\bin\zip.dll
0x00007ffe3c7c0000 - 0x00007ffe3c7d0000 	C:\Program Files\Java\jdk-17.0.12\bin\verify.dll
0x00007ffe3c5d0000 - 0x00007ffe3c5da000 	C:\Program Files\Java\jdk-17.0.12\bin\management.dll
0x00007ffe3ba30000 - 0x00007ffe3ba3b000 	C:\Program Files\Java\jdk-17.0.12\bin\management_ext.dll
0x00007ffdc7380000 - 0x00007ffdc7398000 	C:\WINDOWS\system32\napinsp.dll
0x00007ffe4ecb0000 - 0x00007ffe4edd6000 	C:\WINDOWS\SYSTEM32\DNSAPI.dll
0x00007ffe4ec20000 - 0x00007ffe4ec54000 	C:\WINDOWS\SYSTEM32\IPHLPAPI.DLL
0x00007ffe53290000 - 0x00007ffe5329a000 	C:\WINDOWS\System32\NSI.dll
0x00007ffdbd5a0000 - 0x00007ffdbd5b2000 	C:\WINDOWS\System32\winrnr.dll
0x00007ffdbd5c0000 - 0x00007ffdbd5e8000 	C:\WINDOWS\system32\nlansp_c.dll
0x00007ffe40e30000 - 0x00007ffe40e46000 	C:\WINDOWS\system32\wshbth.dll
0x00007ffe40580000 - 0x00007ffe4058b000 	C:\Windows\System32\rasadhlp.dll
0x00007ffe432e0000 - 0x00007ffe43366000 	C:\WINDOWS\System32\fwpuclnt.dll
0x00007ffe4fa70000 - 0x00007ffe4fa8b000 	C:\WINDOWS\SYSTEM32\CRYPTSP.dll
0x00007ffe4f1b0000 - 0x00007ffe4f1eb000 	C:\WINDOWS\system32\rsaenh.dll
0x00007ffe4f870000 - 0x00007ffe4f89b000 	C:\WINDOWS\SYSTEM32\USERENV.dll
0x00007ffe50360000 - 0x00007ffe50386000 	C:\WINDOWS\SYSTEM32\bcrypt.dll
0x00007ffe4fa90000 - 0x00007ffe4fa9c000 	C:\WINDOWS\SYSTEM32\CRYPTBASE.dll
0x00007ffe43120000 - 0x00007ffe4313e000 	C:\WINDOWS\SYSTEM32\dhcpcsvc6.DLL
0x00007ffe430f0000 - 0x00007ffe43113000 	C:\WINDOWS\SYSTEM32\dhcpcsvc.DLL
0x00007ffe3ba00000 - 0x00007ffe3ba0e000 	C:\Program Files\Java\jdk-17.0.12\bin\sunmscapi.dll
0x00007ffe50e70000 - 0x00007ffe50fe7000 	C:\WINDOWS\System32\CRYPT32.dll
0x00007ffe4fc90000 - 0x00007ffe4fcc0000 	C:\WINDOWS\SYSTEM32\ncrypt.dll
0x00007ffe4fc40000 - 0x00007ffe4fc7f000 	C:\WINDOWS\SYSTEM32\NTASN1.dll
0x00007ffdca7c0000 - 0x00007ffdca7c8000 	C:\WINDOWS\system32\wshunix.dll

dbghelp: loaded successfully - version: 4.0.5 - missing functions: none
symbol engine: initialized successfully - sym options: 0x614 - pdb path: .;C:\Program Files\Java\jdk-17.0.12\bin;C:\WINDOWS\SYSTEM32;C:\WINDOWS\WinSxS\amd64_microsoft.windows.common-controls_6595b64144ccf1df_6.0.26100.5074_none_3e0d6f78e32fd63f;C:\Program Files\Java\jdk-17.0.12\bin\server

VM Arguments:
jvm_args: -XX:+ShowCodeDetailsInExceptionMessages 
java_command: duan.sportify.SportifyApplication
java_class_path (initial): D:\Doan\Sportifyv2\Sportify\target\classes;C:\Users\DELL\.m2\repository\org\springframework\boot\spring-boot-starter-web\2.7.14\spring-boot-starter-web-2.7.14.jar;C:\Users\DELL\.m2\repository\org\springframework\boot\spring-boot-starter\2.7.14\spring-boot-starter-2.7.14.jar;C:\Users\DELL\.m2\repository\org\springframework\boot\spring-boot-starter-logging\2.7.14\spring-boot-starter-logging-2.7.14.jar;C:\Users\DELL\.m2\repository\ch\qos\logback\logback-classic\1.2.12\logback-classic-1.2.12.jar;C:\Users\DELL\.m2\repository\ch\qos\logback\logback-core\1.2.12\logback-core-1.2.12.jar;C:\Users\DELL\.m2\repository\org\apache\logging\log4j\log4j-to-slf4j\2.17.2\log4j-to-slf4j-2.17.2.jar;C:\Users\DELL\.m2\repository\org\apache\logging\log4j\log4j-api\2.17.2\log4j-api-2.17.2.jar;C:\Users\DELL\.m2\repository\org\slf4j\jul-to-slf4j\1.7.36\jul-to-slf4j-1.7.36.jar;C:\Users\DELL\.m2\repository\jakarta\annotation\jakarta.annotation-api\1.3.5\jakarta.annotation-api-1.3.5.jar;C:\Users\DELL\.m2\repository\org\yaml\snakeyaml\1.30\snakeyaml-1.30.jar;C:\Users\DELL\.m2\repository\org\springframework\boot\spring-boot-starter-json\2.7.14\spring-boot-starter-json-2.7.14.jar;C:\Users\DELL\.m2\repository\com\fasterxml\jackson\core\jackson-databind\2.13.5\jackson-databind-2.13.5.jar;C:\Users\DELL\.m2\repository\com\fasterxml\jackson\core\jackson-annotations\2.13.5\jackson-annotations-2.13.5.jar;C:\Users\DELL\.m2\repository\com\fasterxml\jackson\core\jackson-core\2.13.5\jackson-core-2.13.5.jar;C:\Users\DELL\.m2\repository\com\fasterxml\jackson\datatype\jackson-datatype-jdk8\2.13.5\jackson-datatype-jdk8-2.13.5.jar;C:\Users\DELL\.m2\repository\com\fasterxml\jackson\datatype\jackson-datatype-jsr310\2.13.5\jackson-datatype-jsr310-2.13.5.jar;C:\Users\DELL\.m2\repository\com\fasterxml\jackson\module\jackson-module-parameter-names\2.13.5\jackson-module-parameter-names-2.13.5.jar;C:\Users\DELL\.m2\repository\org\springframework\boot\spring-boot-starter-tomcat\2.7.14\spring-bo
Launcher Type: SUN_STANDARD

[Global flags]
     intx CICompilerCount                          = 4                                         {product} {ergonomic}
     uint ConcGCThreads                            = 2                                         {product} {ergonomic}
     uint G1ConcRefinementThreads                  = 8                                         {product} {ergonomic}
   size_t G1HeapRegionSize                         = 2097152                                   {product} {ergonomic}
    uintx GCDrainStackTargetSize                   = 64                                        {product} {ergonomic}
   size_t InitialHeapSize                          = 264241152                                 {product} {ergonomic}
   size_t MarkStackSize                            = 4194304                                   {product} {ergonomic}
   size_t MaxHeapSize                              = 4225761280                                {product} {ergonomic}
   size_t MaxNewSize                               = 2535456768                                {product} {ergonomic}
   size_t MinHeapDeltaBytes                        = 2097152                                   {product} {ergonomic}
   size_t MinHeapSize                              = 8388608                                   {product} {ergonomic}
    uintx NonNMethodCodeHeapSize                   = 5839372                                {pd product} {ergonomic}
    uintx NonProfiledCodeHeapSize                  = 122909434                              {pd product} {ergonomic}
    uintx ProfiledCodeHeapSize                     = 122909434                              {pd product} {ergonomic}
    uintx ReservedCodeCacheSize                    = 251658240                              {pd product} {ergonomic}
     bool SegmentedCodeCache                       = true                                      {product} {ergonomic}
     bool ShowCodeDetailsInExceptionMessages       = true                                   {manageable} {command line}
   size_t SoftMaxHeapSize                          = 4225761280                             {manageable} {ergonomic}
     bool UseCompressedClassPointers               = true                           {product lp64_product} {ergonomic}
     bool UseCompressedOops                        = true                           {product lp64_product} {ergonomic}
     bool UseG1GC                                  = true                                      {product} {ergonomic}
     bool UseLargePagesIndividualAllocation        = false                                  {pd product} {ergonomic}

Logging:
Log output configuration:
 #0: stdout all=warning uptime,level,tags
 #1: stderr all=off uptime,level,tags

Environment Variables:
JAVA_HOME=C:\Program Files\Java\jdk-21.0.5
PATH=D:\HK1_Nam4\CSDL\app\oracle\product\11.2.0\server\bin;C:\Program Files (x86)\VMware\VMware Workstation\bin\;C:\Program Files\Microsoft MPI\Bin\;C:\Program Files\Common Files\Oracle\Java\javapath;C:\Program Files\nodejs\;C:\Program Files\Java\jdk-21.0.5;C:\Program Files\Java\jdk-17.0.12;D:\CodeCfree;C:\Program Files\dotnet\;C:\MongoDB\Server\6.0\bin;C:\Users\DELL\OneDrive\Ta`i li?u\mongosh-1.7.1-win32-x64\mongosh-1.7.1-win32-x64\bin;C:\Program Files\Azure Data Studio\bin;C:\Program Files (x86)\Microsoft SQL Server\160\Tools\Binn\;C:\Program Files\Microsoft SQL Server\160\Tools\Binn\;C:\Program Files\Microsoft SQL Server\Client SDK\ODBC\170\Tools\Binn\;C:\Program Files\Microsoft SQL Server\160\DTS\Binn\;C:\Program Files (x86)\Microsoft SQL Server\160\DTS\Binn\;C:\WINDOWS\system32;C:\WINDOWS;C:\WINDOWS\System32\Wbem;C:\WINDOWS\System32\WindowsPowerShell\v1.0\;C:\WINDOWS\System32\OpenSSH\;C:\Program Files\Cloudflare\Cloudflare WARP\;C:\Program Files\MATLAB\R2024b\bin;C:\Program Files\MongoDB\Server;C:\Program Files\Git\cmd;C:\Program Files\Microsoft SQL Server\150\Tools\Binn\;c:\Users\DELL\AppData\Local\Programs\cursor\resources\app\codeBin;C:\Users\DELL\AppData\Local\Programs\Python\Python312\Scripts\;C:\Users\DELL\AppData\Local\Programs\Python\Python312\;C:\Users\DELL\AppData\Local\Programs\Python\Launcher\;C:\Users\DELL\AppData\Local\Microsoft\WindowsApps;C:\Program Files (x86)\mingw-w64\i686-8.1.0-posix-dwarf-rt_v6-rev0\mingw32\bin;C:\Users\DELL\AppData\Local\Programs\Microsoft VS Code\bin;C:\Program Files\Azure Data Studio\bin;C:\Program Files\Java\jdk-21.0.5\bin;C:\Users\DELL\AppData\Roaming\npm;C:\Program Files\nodejs;C:\Users\DELL\.dotnet\tools;C:\Users\DELL\AppData\Local\gitkraken\bin;C:\Users\DELL\AppData\Local\GitHubDesktop\bin;C:\Users\DELL\AppData\Local\Microsoft\WindowsApps;C:\Users\DELL\AppData\Local\Programs\cursor\resources\app\bin
USERNAME=DUC NGOC
LANG=en_US.UTF-8
OS=Windows_NT
PROCESSOR_IDENTIFIER=Intel64 Family 6 Model 140 Stepping 1, GenuineIntel



---------------  S Y S T E M  ---------------

OS:
 Windows 11 , 64 bit Build 26100 (10.0.26100.5074)
OS uptime: 0 days 23:24 hours
Hyper-V role detected

CPU: total 8 (initial active 8) (4 cores per cpu, 2 threads per core) family 6 model 140 stepping 1 microcode 0xbc, cx8, cmov, fxsr, ht, mmx, 3dnowpref, sse, sse2, sse3, ssse3, sse4.1, sse4.2, popcnt, lzcnt, tsc, tscinvbit, avx, avx2, aes, erms, clmul, bmi1, bmi2, adx, avx512f, avx512dq, avx512cd, avx512bw, avx512vl, sha, fma, vzeroupper, avx512_vpopcntdq, avx512_vpclmulqdq, avx512_vaes, avx512_vnni, clflush, clflushopt, clwb, avx512_vbmi2, avx512_vbmi, hv

Memory: 4k page, system-wide physical 16118M (1377M free)
TotalPageFile size 22271M (AvailPageFile size 17M)
current process WorkingSet (physical memory assigned to process): 422M, peak: 441M
current process commit charge ("private bytes"): 457M, peak: 524M

vm_info: Java HotSpot(TM) 64-Bit Server VM (17.0.12+8-LTS-286) for windows-amd64 JRE (17.0.12+8-LTS-286), built on Jun  5 2024 06:46:59 by "mach5one" with MS VC++ 17.6 (VS2022)

END.
