#
# There is insufficient memory for the Java Runtime Environment to continue.
# Native memory allocation (malloc) failed to allocate 1654896 bytes for Chunk::new
# Possible reasons:
#   The system is out of physical RAM or swap space
#   The process is running with CompressedOops enabled, and the Java Heap may be blocking the growth of the native heap
# Possible solutions:
#   Reduce memory load on the system
#   Increase physical memory or swap space
#   Check if swap backing store is full
#   Decrease Java heap size (-Xmx/-Xms)
#   Decrease number of Java threads
#   Decrease Java thread stack sizes (-Xss)
#   Set larger code cache with -XX:ReservedCodeCacheSize=
#   JVM is running with Zero Based Compressed Oops mode in which the Java heap is
#     placed in the first 32GB address space. The Java Heap base address is the
#     maximum limit for the native heap growth. Please use -XX:HeapBaseMinAddress
#     to set the Java Heap base and to place the Java Heap above 32GB virtual address.
# This output file may be truncated or incomplete.
#
#  Out of Memory Error (arena.cpp:189), pid=8132, tid=15484
#
# JRE version: Java(TM) SE Runtime Environment (17.0.12+8) (build 17.0.12+8-LTS-286)
# Java VM: Java HotSpot(TM) 64-Bit Server VM (17.0.12+8-LTS-286, mixed mode, sharing, tiered, compressed oops, compressed class ptrs, g1 gc, windows-amd64)
# No core dump will be written. Minidumps are not enabled by default on client versions of Windows
#

---------------  S U M M A R Y ------------

Command Line: -XX:+ShowCodeDetailsInExceptionMessages duan.sportify.SportifyApplication

Host: 11th Gen Intel(R) Core(TM) i5-1135G7 @ 2.40GHz, 8 cores, 15G,  Windows 11 , 64 bit Build 26100 (10.0.26100.5074)
Time: Sat Sep 13 14:18:51 2025 SE Asia Standard Time elapsed time: 181.195262 seconds (0d 0h 3m 1s)

---------------  T H R E A D  ---------------

Current thread (0x0000016f73b06220):  JavaThread "C2 CompilerThread1" daemon [_thread_in_native, id=15484, stack(0x00000018e7600000,0x00000018e7700000)]


Current CompileTask:
C2: 181195 20231       4       org.springframework.data.repository.core.support.QueryExecutorMethodInterceptor::doInvoke (94 bytes)

Stack: [0x00000018e7600000,0x00000018e7700000]
Native frames: (J=compiled Java code, j=interpreted, Vv=VM code, C=native code)
V  [jvm.dll+0x67a04a]
V  [jvm.dll+0x7da4ed]
V  [jvm.dll+0x7dbe33]
V  [jvm.dll+0x7dc4a3]
V  [jvm.dll+0x24508f]
V  [jvm.dll+0xab773]
V  [jvm.dll+0xabd3c]
V  [jvm.dll+0x361b9f]
V  [jvm.dll+0x1ba45a]
V  [jvm.dll+0x216997]
V  [jvm.dll+0x215c6f]
V  [jvm.dll+0x1a2960]
V  [jvm.dll+0x22610b]
V  [jvm.dll+0x2242ab]
V  [jvm.dll+0x79075c]
V  [jvm.dll+0x78abea]
V  [jvm.dll+0x678f35]
C  [ucrtbase.dll+0x37b0]
C  [KERNEL32.DLL+0x2e8d7]
C  [ntdll.dll+0x8d9c]


---------------  P R O C E S S  ---------------

Threads class SMR info:
_java_thread_list=0x0000016f759bdac0, length=33, elements={
0x0000016f688b6a30, 0x0000016f688b9600, 0x0000016f688d2100, 0x0000016f688d2ac0,
0x0000016f688d3480, 0x0000016f688d45e0, 0x0000016f688d5b20, 0x0000016f688dc2b0,
0x0000016f688ed460, 0x0000016f6b328690, 0x0000016f6b332b30, 0x0000016f72b814e0,
0x0000016f7590bef0, 0x0000016f7399ae40, 0x0000016f76f3a620, 0x0000016f76f3b550,
0x0000016f76f3ba60, 0x0000016f76f391e0, 0x0000016f76f38cd0, 0x0000016f76f3cea0,
0x0000016f76f3ed00, 0x0000016f76f3d3b0, 0x0000016f76f3d8c0, 0x0000016f76f3ddd0,
0x0000016f76f3e2e0, 0x0000016f76f3e7f0, 0x0000016f76f3f210, 0x0000016f7590afc0,
0x0000016f7590b4d0, 0x0000016f7590c400, 0x0000016f7590dd50, 0x0000016f73b06220,
0x0000016f73b06cc0
}

Java Threads: ( => current thread )
  0x0000016f688b6a30 JavaThread "Reference Handler" daemon [_thread_blocked, id=1988, stack(0x00000018e7f00000,0x00000018e8000000)]
  0x0000016f688b9600 JavaThread "Finalizer" daemon [_thread_blocked, id=11420, stack(0x00000018e8000000,0x00000018e8100000)]
  0x0000016f688d2100 JavaThread "Signal Dispatcher" daemon [_thread_blocked, id=20056, stack(0x00000018e8100000,0x00000018e8200000)]
  0x0000016f688d2ac0 JavaThread "Attach Listener" daemon [_thread_blocked, id=904, stack(0x00000018e8200000,0x00000018e8300000)]
  0x0000016f688d3480 JavaThread "Service Thread" daemon [_thread_blocked, id=10000, stack(0x00000018e8300000,0x00000018e8400000)]
  0x0000016f688d45e0 JavaThread "Monitor Deflation Thread" daemon [_thread_blocked, id=23484, stack(0x00000018e8400000,0x00000018e8500000)]
  0x0000016f688d5b20 JavaThread "C2 CompilerThread0" daemon [_thread_in_native, id=24292, stack(0x00000018e8500000,0x00000018e8600000)]
  0x0000016f688dc2b0 JavaThread "C1 CompilerThread0" daemon [_thread_blocked, id=20372, stack(0x00000018e8600000,0x00000018e8700000)]
  0x0000016f688ed460 JavaThread "Sweeper thread" daemon [_thread_blocked, id=19080, stack(0x00000018e8700000,0x00000018e8800000)]
  0x0000016f6b328690 JavaThread "Notification Thread" daemon [_thread_blocked, id=10824, stack(0x00000018e8800000,0x00000018e8900000)]
  0x0000016f6b332b30 JavaThread "Common-Cleaner" daemon [_thread_blocked, id=1868, stack(0x00000018e8a00000,0x00000018e8b00000)]
  0x0000016f72b814e0 JavaThread "mysql-cj-abandoned-connection-cleanup" daemon [_thread_blocked, id=16412, stack(0x00000018e9700000,0x00000018e9800000)]
  0x0000016f7590bef0 JavaThread "Live Reload Server" daemon [_thread_in_native, id=24296, stack(0x00000018e9f00000,0x00000018ea000000)]
  0x0000016f7399ae40 JavaThread "DestroyJavaVM" [_thread_blocked, id=20840, stack(0x00000018e7800000,0x00000018e7900000)]
  0x0000016f76f3a620 JavaThread "HikariPool-6 housekeeper" daemon [_thread_blocked, id=19864, stack(0x00000018e9900000,0x00000018e9a00000)]
  0x0000016f76f3b550 JavaThread "Catalina-utility-1" [_thread_blocked, id=19620, stack(0x00000018e9b00000,0x00000018e9c00000)]
  0x0000016f76f3ba60 JavaThread "Catalina-utility-2" [_thread_blocked, id=19796, stack(0x00000018e9c00000,0x00000018e9d00000)]
  0x0000016f76f391e0 JavaThread "container-0" [_thread_blocked, id=10396, stack(0x00000018e9d00000,0x00000018e9e00000)]
  0x0000016f76f38cd0 JavaThread "File Watcher" daemon [_thread_blocked, id=10488, stack(0x00000018e8c00000,0x00000018e8d00000)]
  0x0000016f76f3cea0 JavaThread "http-nio-8080-exec-1" daemon [_thread_blocked, id=12596, stack(0x00000018e9e00000,0x00000018e9f00000)]
  0x0000016f76f3ed00 JavaThread "http-nio-8080-exec-2" daemon [_thread_blocked, id=9972, stack(0x00000018ea000000,0x00000018ea100000)]
  0x0000016f76f3d3b0 JavaThread "http-nio-8080-exec-3" daemon [_thread_blocked, id=22572, stack(0x00000018ea100000,0x00000018ea200000)]
  0x0000016f76f3d8c0 JavaThread "http-nio-8080-exec-4" daemon [_thread_blocked, id=11668, stack(0x00000018ea200000,0x00000018ea300000)]
  0x0000016f76f3ddd0 JavaThread "http-nio-8080-exec-5" daemon [_thread_blocked, id=11248, stack(0x00000018ea300000,0x00000018ea400000)]
  0x0000016f76f3e2e0 JavaThread "http-nio-8080-exec-6" daemon [_thread_blocked, id=25500, stack(0x00000018ea400000,0x00000018ea500000)]
  0x0000016f76f3e7f0 JavaThread "http-nio-8080-exec-7" daemon [_thread_in_vm, id=11840, stack(0x00000018ea500000,0x00000018ea600000)]
  0x0000016f76f3f210 JavaThread "http-nio-8080-exec-8" daemon [_thread_blocked, id=4808, stack(0x00000018ea600000,0x00000018ea700000)]
  0x0000016f7590afc0 JavaThread "http-nio-8080-exec-9" daemon [_thread_blocked, id=22128, stack(0x00000018ea700000,0x00000018ea800000)]
  0x0000016f7590b4d0 JavaThread "http-nio-8080-exec-10" daemon [_thread_blocked, id=21068, stack(0x00000018ea800000,0x00000018ea900000)]
  0x0000016f7590c400 JavaThread "http-nio-8080-Poller" daemon [_thread_in_native, id=15260, stack(0x00000018ea900000,0x00000018eaa00000)]
  0x0000016f7590dd50 JavaThread "http-nio-8080-Acceptor" daemon [_thread_in_native, id=21528, stack(0x00000018eaa00000,0x00000018eab00000)]
=>0x0000016f73b06220 JavaThread "C2 CompilerThread1" daemon [_thread_in_native, id=15484, stack(0x00000018e7600000,0x00000018e7700000)]
  0x0000016f73b06cc0 JavaThread "C2 CompilerThread2" daemon [_thread_in_native, id=16192, stack(0x00000018e7700000,0x00000018e7800000)]

Other Threads:
  0x0000016f688b37d0 VMThread "VM Thread" [stack: 0x00000018e7e00000,0x00000018e7f00000] [id=12320]
  0x0000016f4862e050 WatcherThread [stack: 0x00000018e8900000,0x00000018e8a00000] [id=15100]
  0x0000016f485f94d0 GCTaskThread "GC Thread#0" [stack: 0x00000018e7900000,0x00000018e7a00000] [id=13004]
  0x0000016f70636170 GCTaskThread "GC Thread#1" [stack: 0x00000018e8e00000,0x00000018e8f00000] [id=19764]
  0x0000016f70636430 GCTaskThread "GC Thread#2" [stack: 0x00000018e8f00000,0x00000018e9000000] [id=25248]
  0x0000016f706366f0 GCTaskThread "GC Thread#3" [stack: 0x00000018e9000000,0x00000018e9100000] [id=5588]
  0x0000016f706369b0 GCTaskThread "GC Thread#4" [stack: 0x00000018e9100000,0x00000018e9200000] [id=19540]
  0x0000016f70636c70 GCTaskThread "GC Thread#5" [stack: 0x00000018e9200000,0x00000018e9300000] [id=4864]
  0x0000016f70a9a6f0 GCTaskThread "GC Thread#6" [stack: 0x00000018e9500000,0x00000018e9600000] [id=25088]
  0x0000016f70a99bf0 GCTaskThread "GC Thread#7" [stack: 0x00000018e9600000,0x00000018e9700000] [id=10520]
  0x0000016f68762010 ConcurrentGCThread "G1 Main Marker" [stack: 0x00000018e7a00000,0x00000018e7b00000] [id=4380]
  0x0000016f68762fd0 ConcurrentGCThread "G1 Conc#0" [stack: 0x00000018e7b00000,0x00000018e7c00000] [id=24116]
  0x0000016f70a990f0 ConcurrentGCThread "G1 Conc#1" [stack: 0x00000018e9300000,0x00000018e9400000] [id=8352]
  0x0000016f687f0070 ConcurrentGCThread "G1 Refine#0" [stack: 0x00000018e7c00000,0x00000018e7d00000] [id=12388]
  0x0000016f7424d2f0 ConcurrentGCThread "G1 Refine#1" [stack: 0x00000018e9400000,0x00000018e9500000] [id=8568]
  0x0000016f687f0aa0 ConcurrentGCThread "G1 Service" [stack: 0x00000018e7d00000,0x00000018e7e00000] [id=23744]

Threads with active compile tasks:
C2 CompilerThread0   181221 20222   !   4       org.springframework.data.repository.core.support.RepositoryMethodInvoker::doInvoke (130 bytes)
C2 CompilerThread1   181221 20231       4       org.springframework.data.repository.core.support.QueryExecutorMethodInterceptor::doInvoke (94 bytes)
C2 CompilerThread2   181221 20271   !   4       com.zaxxer.hikari.pool.HikariProxyResultSet::getString (18 bytes)

VM state: not at safepoint (normal execution)

VM Mutex/Monitor currently owned by a thread: None

Heap address: 0x0000000704200000, size: 4030 MB, Compressed Oops mode: Zero based, Oop shift amount: 3

CDS archive(s) mapped at: [0x0000016f00000000-0x0000016f00bd0000-0x0000016f00bd0000), size 12386304, SharedBaseAddress: 0x0000016f00000000, ArchiveRelocationMode: 1.
Compressed class space mapped at: 0x0000016f01000000-0x0000016f41000000, reserved size: 1073741824
Narrow klass base: 0x0000016f00000000, Narrow klass shift: 0, Narrow klass range: 0x100000000

GC Precious Log:
 CPUs: 8 total, 8 available
 Memory: 16118M
 Large Page Support: Disabled
 NUMA Support: Disabled
 Compressed Oops: Enabled (Zero based)
 Heap Region Size: 2M
 Heap Min Capacity: 8M
 Heap Initial Capacity: 252M
 Heap Max Capacity: 4030M
 Pre-touch: Disabled
 Parallel Workers: 8
 Concurrent Workers: 2
 Concurrent Refinement Workers: 8
 Periodic GC: Disabled

Heap:
 garbage-first heap   total 143360K, used 110042K [0x0000000704200000, 0x0000000800000000)
  region size 2048K, 32 young (65536K), 2 survivors (4096K)
 Metaspace       used 90119K, committed 90816K, reserved 1179648K
  class space    used 10592K, committed 10944K, reserved 1048576K

Heap Regions: E=young(eden), S=young(survivor), O=old, HS=humongous(starts), HC=humongous(continues), CS=collection set, F=free, OA=open archive, CA=closed archive, TAMS=top-at-mark-start (previous, next)
|   0|0x0000000704200000, 0x0000000704400000, 0x0000000704400000|100%| O|  |TAMS 0x0000000704400000, 0x0000000704200000| Untracked 
|   1|0x0000000704400000, 0x0000000704600000, 0x0000000704600000|100%| O|  |TAMS 0x0000000704600000, 0x0000000704400000| Untracked 
|   2|0x0000000704600000, 0x0000000704800000, 0x0000000704800000|100%| O|  |TAMS 0x0000000704800000, 0x0000000704600000| Untracked 
|   3|0x0000000704800000, 0x00000007049fc708, 0x0000000704a00000| 99%| O|  |TAMS 0x00000007049fc708, 0x0000000704800000| Untracked 
|   4|0x0000000704a00000, 0x0000000704bffff8, 0x0000000704c00000| 99%| O|  |TAMS 0x0000000704bffff8, 0x0000000704a00000| Untracked 
|   5|0x0000000704c00000, 0x0000000704dff8d0, 0x0000000704e00000| 99%| O|  |TAMS 0x0000000704dff8d0, 0x0000000704c00000| Untracked 
|   6|0x0000000704e00000, 0x0000000704ffffe8, 0x0000000705000000| 99%| O|  |TAMS 0x0000000704ffffe8, 0x0000000704e00000| Untracked 
|   7|0x0000000705000000, 0x00000007051ffff8, 0x0000000705200000| 99%| O|  |TAMS 0x00000007051ffff8, 0x0000000705000000| Untracked 
|   8|0x0000000705200000, 0x00000007053fffd0, 0x0000000705400000| 99%| O|  |TAMS 0x00000007053fffd0, 0x0000000705200000| Untracked 
|   9|0x0000000705400000, 0x00000007055fffd8, 0x0000000705600000| 99%| O|  |TAMS 0x00000007055fffd8, 0x0000000705400000| Untracked 
|  10|0x0000000705600000, 0x00000007057f1a70, 0x0000000705800000| 97%| O|  |TAMS 0x00000007057f1a70, 0x0000000705600000| Untracked 
|  11|0x0000000705800000, 0x00000007059fffc0, 0x0000000705a00000| 99%| O|  |TAMS 0x00000007059fffc0, 0x0000000705800000| Untracked 
|  12|0x0000000705a00000, 0x0000000705c00000, 0x0000000705c00000|100%| O|  |TAMS 0x0000000705a00000, 0x0000000705a00000| Untracked 
|  13|0x0000000705c00000, 0x0000000705dfffb8, 0x0000000705e00000| 99%| O|  |TAMS 0x0000000705c00000, 0x0000000705c00000| Untracked 
|  14|0x0000000705e00000, 0x0000000705ff0fa0, 0x0000000706000000| 97%| O|  |TAMS 0x0000000705e00000, 0x0000000705e00000| Untracked 
|  15|0x0000000706000000, 0x00000007061ffff0, 0x0000000706200000| 99%| O|  |TAMS 0x0000000706000000, 0x0000000706000000| Untracked 
|  16|0x0000000706200000, 0x00000007063ba340, 0x0000000706400000| 86%| O|  |TAMS 0x0000000706200000, 0x0000000706200000| Untracked 
|  17|0x0000000706400000, 0x0000000706600000, 0x0000000706600000|100%| O|  |TAMS 0x0000000706400000, 0x0000000706400000| Untracked 
|  18|0x0000000706600000, 0x00000007066cfca8, 0x0000000706800000| 40%| O|  |TAMS 0x0000000706600000, 0x0000000706600000| Untracked 
|  19|0x0000000706800000, 0x0000000706a00000, 0x0000000706a00000|100%| O|  |TAMS 0x0000000706800000, 0x0000000706800000| Untracked 
|  20|0x0000000706a00000, 0x0000000706b27250, 0x0000000706c00000| 57%| O|  |TAMS 0x0000000706a00000, 0x0000000706a00000| Untracked 
|  21|0x0000000706c00000, 0x0000000706e00000, 0x0000000706e00000|100%| O|  |TAMS 0x0000000706c00000, 0x0000000706c00000| Untracked 
|  22|0x0000000706e00000, 0x0000000707000000, 0x0000000707000000|100%| O|  |TAMS 0x0000000706e00000, 0x0000000706e00000| Untracked 
|  23|0x0000000707000000, 0x00000007070e5c10, 0x0000000707200000| 44%| O|  |TAMS 0x0000000707000000, 0x0000000707000000| Untracked 
|  24|0x0000000707200000, 0x0000000707227000, 0x0000000707400000|  7%| O|  |TAMS 0x0000000707200000, 0x0000000707200000| Untracked 
|  25|0x0000000707400000, 0x0000000707400000, 0x0000000707600000|  0%| F|  |TAMS 0x0000000707400000, 0x0000000707400000| Untracked 
|  26|0x0000000707600000, 0x0000000707600000, 0x0000000707800000|  0%| F|  |TAMS 0x0000000707600000, 0x0000000707600000| Untracked 
|  27|0x0000000707800000, 0x00000007078da1b8, 0x0000000707a00000| 42%| O|  |TAMS 0x0000000707800000, 0x0000000707800000| Untracked 
|  28|0x0000000707a00000, 0x0000000707a00000, 0x0000000707c00000|  0%| F|  |TAMS 0x0000000707a00000, 0x0000000707a00000| Untracked 
|  29|0x0000000707c00000, 0x0000000707c00000, 0x0000000707e00000|  0%| F|  |TAMS 0x0000000707c00000, 0x0000000707c00000| Untracked 
|  30|0x0000000707e00000, 0x0000000707e00000, 0x0000000708000000|  0%| F|  |TAMS 0x0000000707e00000, 0x0000000707e00000| Untracked 
|  31|0x0000000708000000, 0x0000000708000000, 0x0000000708200000|  0%| F|  |TAMS 0x0000000708000000, 0x0000000708000000| Untracked 
|  32|0x0000000708200000, 0x0000000708200000, 0x0000000708400000|  0%| F|  |TAMS 0x0000000708200000, 0x0000000708200000| Untracked 
|  33|0x0000000708400000, 0x0000000708400000, 0x0000000708600000|  0%| F|  |TAMS 0x0000000708400000, 0x0000000708400000| Untracked 
|  34|0x0000000708600000, 0x0000000708600000, 0x0000000708800000|  0%| F|  |TAMS 0x0000000708600000, 0x0000000708600000| Untracked 
|  35|0x0000000708800000, 0x0000000708a00000, 0x0000000708a00000|100%| S|CS|TAMS 0x0000000708800000, 0x0000000708800000| Complete 
|  36|0x0000000708a00000, 0x0000000708c00000, 0x0000000708c00000|100%| S|CS|TAMS 0x0000000708a00000, 0x0000000708a00000| Complete 
|  37|0x0000000708c00000, 0x0000000708c00000, 0x0000000708e00000|  0%| F|  |TAMS 0x0000000708c00000, 0x0000000708c00000| Untracked 
|  38|0x0000000708e00000, 0x0000000708e00000, 0x0000000709000000|  0%| F|  |TAMS 0x0000000708e00000, 0x0000000708e00000| Untracked 
|  39|0x0000000709000000, 0x0000000709000000, 0x0000000709200000|  0%| F|  |TAMS 0x0000000709000000, 0x0000000709000000| Untracked 
|  40|0x0000000709200000, 0x0000000709219e60, 0x0000000709400000|  5%| E|  |TAMS 0x0000000709200000, 0x0000000709200000| Complete 
|  41|0x0000000709400000, 0x0000000709600000, 0x0000000709600000|100%| E|CS|TAMS 0x0000000709400000, 0x0000000709400000| Complete 
|  42|0x0000000709600000, 0x0000000709800000, 0x0000000709800000|100%| E|CS|TAMS 0x0000000709600000, 0x0000000709600000| Complete 
|  43|0x0000000709800000, 0x0000000709a00000, 0x0000000709a00000|100%| E|CS|TAMS 0x0000000709800000, 0x0000000709800000| Complete 
|  44|0x0000000709a00000, 0x0000000709c00000, 0x0000000709c00000|100%| E|CS|TAMS 0x0000000709a00000, 0x0000000709a00000| Complete 
|  45|0x0000000709c00000, 0x0000000709e00000, 0x0000000709e00000|100%| E|CS|TAMS 0x0000000709c00000, 0x0000000709c00000| Complete 
|  46|0x0000000709e00000, 0x000000070a000000, 0x000000070a000000|100%| E|CS|TAMS 0x0000000709e00000, 0x0000000709e00000| Complete 
|  47|0x000000070a000000, 0x000000070a200000, 0x000000070a200000|100%| E|CS|TAMS 0x000000070a000000, 0x000000070a000000| Complete 
|  48|0x000000070a200000, 0x000000070a400000, 0x000000070a400000|100%| E|CS|TAMS 0x000000070a200000, 0x000000070a200000| Complete 
|  49|0x000000070a400000, 0x000000070a600000, 0x000000070a600000|100%| E|CS|TAMS 0x000000070a400000, 0x000000070a400000| Complete 
|  50|0x000000070a600000, 0x000000070a800000, 0x000000070a800000|100%| E|CS|TAMS 0x000000070a600000, 0x000000070a600000| Complete 
|  51|0x000000070a800000, 0x000000070aa00000, 0x000000070aa00000|100%| E|CS|TAMS 0x000000070a800000, 0x000000070a800000| Complete 
|  52|0x000000070aa00000, 0x000000070ac00000, 0x000000070ac00000|100%| E|CS|TAMS 0x000000070aa00000, 0x000000070aa00000| Complete 
|  53|0x000000070ac00000, 0x000000070ae00000, 0x000000070ae00000|100%| E|CS|TAMS 0x000000070ac00000, 0x000000070ac00000| Complete 
|  54|0x000000070ae00000, 0x000000070b000000, 0x000000070b000000|100%| E|CS|TAMS 0x000000070ae00000, 0x000000070ae00000| Complete 
|  55|0x000000070b000000, 0x000000070b200000, 0x000000070b200000|100%| E|CS|TAMS 0x000000070b000000, 0x000000070b000000| Complete 
|  56|0x000000070b200000, 0x000000070b400000, 0x000000070b400000|100%| E|CS|TAMS 0x000000070b200000, 0x000000070b200000| Complete 
|  57|0x000000070b400000, 0x000000070b600000, 0x000000070b600000|100%| E|CS|TAMS 0x000000070b400000, 0x000000070b400000| Complete 
|  58|0x000000070b600000, 0x000000070b800000, 0x000000070b800000|100%| E|CS|TAMS 0x000000070b600000, 0x000000070b600000| Complete 
|  59|0x000000070b800000, 0x000000070ba00000, 0x000000070ba00000|100%| E|CS|TAMS 0x000000070b800000, 0x000000070b800000| Complete 
|  60|0x000000070ba00000, 0x000000070bc00000, 0x000000070bc00000|100%| E|CS|TAMS 0x000000070ba00000, 0x000000070ba00000| Complete 
|  61|0x000000070bc00000, 0x000000070be00000, 0x000000070be00000|100%| E|CS|TAMS 0x000000070bc00000, 0x000000070bc00000| Complete 
|  62|0x000000070be00000, 0x000000070c000000, 0x000000070c000000|100%| E|CS|TAMS 0x000000070be00000, 0x000000070be00000| Complete 
|  63|0x000000070c000000, 0x000000070c200000, 0x000000070c200000|100%| E|CS|TAMS 0x000000070c000000, 0x000000070c000000| Complete 
|  64|0x000000070c200000, 0x000000070c400000, 0x000000070c400000|100%| E|CS|TAMS 0x000000070c200000, 0x000000070c200000| Complete 
|  65|0x000000070c400000, 0x000000070c600000, 0x000000070c600000|100%| E|CS|TAMS 0x000000070c400000, 0x000000070c400000| Complete 
|  66|0x000000070c600000, 0x000000070c800000, 0x000000070c800000|100%| E|CS|TAMS 0x000000070c600000, 0x000000070c600000| Complete 
|  67|0x000000070c800000, 0x000000070ca00000, 0x000000070ca00000|100%| E|CS|TAMS 0x000000070c800000, 0x000000070c800000| Complete 
|  68|0x000000070ca00000, 0x000000070cc00000, 0x000000070cc00000|100%| E|CS|TAMS 0x000000070ca00000, 0x000000070ca00000| Complete 
|  69|0x000000070cc00000, 0x000000070ce00000, 0x000000070ce00000|100%| E|CS|TAMS 0x000000070cc00000, 0x000000070cc00000| Complete 

Card table byte_map: [0x0000016f5f960000,0x0000016f60140000] _byte_map_base: 0x0000016f5c13f000

Marking Bits (Prev, Next): (CMBitMap*) 0x0000016f485fab00, (CMBitMap*) 0x0000016f485fab40
 Prev Bits: [0x0000016f60920000, 0x0000016f64818000)
 Next Bits: [0x0000016f64820000, 0x0000016f68718000)

Polling page: 0x0000016f46700000

Metaspace:

Usage:
  Non-class:     77.66 MB used.
      Class:     10.34 MB used.
       Both:     88.01 MB used.

Virtual space:
  Non-class space:      128.00 MB reserved,      78.00 MB ( 61%) committed,  2 nodes.
      Class space:        1.00 GB reserved,      10.69 MB (  1%) committed,  1 nodes.
             Both:        1.12 GB reserved,      88.69 MB (  8%) committed. 

Chunk freelists:
   Non-Class:  1.91 MB
       Class:  5.17 MB
        Both:  7.08 MB

MaxMetaspaceSize: unlimited
CompressedClassSpaceSize: 1.00 GB
Initial GC threshold: 21.00 MB
Current GC threshold: 143.69 MB
CDS: on
MetaspaceReclaimPolicy: balanced
 - commit_granule_bytes: 65536.
 - commit_granule_words: 8192.
 - virtual_space_node_default_size: 8388608.
 - enlarge_chunks_in_place: 1.
 - new_chunks_are_fully_committed: 0.
 - uncommit_free_chunks: 1.
 - use_allocation_guard: 0.
 - handle_deallocations: 1.


Internal statistics:

num_allocs_failed_limit: 9.
num_arena_births: 920.
num_arena_deaths: 6.
num_vsnodes_births: 3.
num_vsnodes_deaths: 0.
num_space_committed: 1419.
num_space_uncommitted: 0.
num_chunks_returned_to_freelist: 17.
num_chunks_taken_from_freelist: 4519.
num_chunk_merges: 9.
num_chunk_splits: 3024.
num_chunks_enlarged: 2118.
num_inconsistent_stats: 0.

CodeHeap 'non-profiled nmethods': size=120000Kb used=19464Kb max_used=19798Kb free=100535Kb
 bounds [0x0000016f57900000, 0x0000016f58c60000, 0x0000016f5ee30000]
CodeHeap 'profiled nmethods': size=120000Kb used=28054Kb max_used=28805Kb free=91945Kb
 bounds [0x0000016f4fe30000, 0x0000016f51aa0000, 0x0000016f57360000]
CodeHeap 'non-nmethods': size=5760Kb used=1389Kb max_used=1477Kb free=4371Kb
 bounds [0x0000016f57360000, 0x0000016f575d0000, 0x0000016f57900000]
 total_blobs=16076 nmethods=15369 adapters=618
 compilation: enabled
              stopped_count=0, restarted_count=0
 full_count=0

Compilation events (20 events):
Event: 180.909 Thread 0x0000016f688dc2b0 20275       2       org.springframework.security.web.firewall.StrictHttpFirewall::getFirewalledResponse (9 bytes)
Event: 180.910 Thread 0x0000016f688dc2b0 nmethod 20275 0x0000016f509dbc10 code [0x0000016f509dbda0, 0x0000016f509dbf28]
Event: 180.919 Thread 0x0000016f688dc2b0 20276       3       org.springframework.util.MimeType::isCompatibleWith (176 bytes)
Event: 180.921 Thread 0x0000016f688dc2b0 nmethod 20276 0x0000016f51796c90 code [0x0000016f51797040, 0x0000016f51799198]
Event: 180.923 Thread 0x0000016f688dc2b0 20277       3       org.springframework.security.web.util.OnCommittedResponseWrapper::setContentLength (11 bytes)
Event: 180.923 Thread 0x0000016f688dc2b0 nmethod 20277 0x0000016f50707910 code [0x0000016f50707aa0, 0x0000016f50707be8]
Event: 180.940 Thread 0x0000016f73b06cc0 nmethod 20266 0x0000016f58b1e510 code [0x0000016f58b1e880, 0x0000016f58b1fb98]
Event: 180.940 Thread 0x0000016f73b06cc0 20271   !   4       com.zaxxer.hikari.pool.HikariProxyResultSet::getString (18 bytes)
Event: 180.945 Thread 0x0000016f688dc2b0 20278       2       org.springframework.security.web.util.OnCommittedResponseWrapper$SaveContextServletOutputStream::flush (15 bytes)
Event: 180.945 Thread 0x0000016f688dc2b0 nmethod 20278 0x0000016f506ce090 code [0x0000016f506ce240, 0x0000016f506ce3d8]
Event: 180.958 Thread 0x0000016f688dc2b0 20279       3       org.springframework.security.web.firewall.StrictHttpFirewall::isNormalized (86 bytes)
Event: 180.960 Thread 0x0000016f688dc2b0 nmethod 20279 0x0000016f512cfd10 code [0x0000016f512d0040, 0x0000016f512d1618]
Event: 180.960 Thread 0x0000016f688dc2b0 20280       3       org.springframework.util.MimeType::includes (143 bytes)
Event: 180.962 Thread 0x0000016f688dc2b0 nmethod 20280 0x0000016f50431b90 code [0x0000016f50431f20, 0x0000016f504339d8]
Event: 180.989 Thread 0x0000016f688dc2b0 20283       2       org.springframework.data.repository.query.ReturnedType$ReturnedClass::isProjecting (5 bytes)
Event: 180.989 Thread 0x0000016f688dc2b0 nmethod 20283 0x0000016f50722f10 code [0x0000016f507230a0, 0x0000016f507231c8]
Event: 180.989 Thread 0x0000016f688dc2b0 20284       2       org.springframework.http.server.ServletServerHttpResponse$ServletResponseHttpHeaders::containsKey (22 bytes)
Event: 180.990 Thread 0x0000016f688dc2b0 nmethod 20284 0x0000016f50a8cc90 code [0x0000016f50a8ce40, 0x0000016f50a8cfd8]
Event: 181.025 Thread 0x0000016f688dc2b0 20285   !   3       org.apache.catalina.connector.OutputBuffer::doFlush (117 bytes)
Event: 181.027 Thread 0x0000016f688dc2b0 nmethod 20285 0x0000016f50f2cf10 code [0x0000016f50f2d200, 0x0000016f50f2e2d8]

GC Heap History (20 events):
Event: 165.394 GC heap before
{Heap before GC invocations=106 (full 5):
 garbage-first heap   total 143360K, used 116186K [0x0000000704200000, 0x0000000800000000)
  region size 2048K, 34 young (69632K), 2 survivors (4096K)
 Metaspace       used 89654K, committed 90304K, reserved 1179648K
  class space    used 10562K, committed 10880K, reserved 1048576K
}
Event: 165.396 GC heap after
{Heap after GC invocations=107 (full 5):
 garbage-first heap   total 143360K, used 50566K [0x0000000704200000, 0x0000000800000000)
  region size 2048K, 2 young (4096K), 2 survivors (4096K)
 Metaspace       used 89654K, committed 90304K, reserved 1179648K
  class space    used 10562K, committed 10880K, reserved 1048576K
}
Event: 166.576 GC heap before
{Heap before GC invocations=107 (full 5):
 garbage-first heap   total 143360K, used 118150K [0x0000000704200000, 0x0000000800000000)
  region size 2048K, 35 young (71680K), 2 survivors (4096K)
 Metaspace       used 89654K, committed 90304K, reserved 1179648K
  class space    used 10562K, committed 10880K, reserved 1048576K
}
Event: 166.578 GC heap after
{Heap after GC invocations=108 (full 5):
 garbage-first heap   total 143360K, used 50562K [0x0000000704200000, 0x0000000800000000)
  region size 2048K, 2 young (4096K), 2 survivors (4096K)
 Metaspace       used 89654K, committed 90304K, reserved 1179648K
  class space    used 10562K, committed 10880K, reserved 1048576K
}
Event: 168.070 GC heap before
{Heap before GC invocations=108 (full 5):
 garbage-first heap   total 143360K, used 118146K [0x0000000704200000, 0x0000000800000000)
  region size 2048K, 35 young (71680K), 2 survivors (4096K)
 Metaspace       used 89654K, committed 90304K, reserved 1179648K
  class space    used 10562K, committed 10880K, reserved 1048576K
}
Event: 168.074 GC heap after
{Heap after GC invocations=109 (full 5):
 garbage-first heap   total 143360K, used 50739K [0x0000000704200000, 0x0000000800000000)
  region size 2048K, 3 young (6144K), 3 survivors (6144K)
 Metaspace       used 89654K, committed 90304K, reserved 1179648K
  class space    used 10562K, committed 10880K, reserved 1048576K
}
Event: 170.403 GC heap before
{Heap before GC invocations=109 (full 5):
 garbage-first heap   total 143360K, used 114227K [0x0000000704200000, 0x0000000800000000)
  region size 2048K, 34 young (69632K), 3 survivors (6144K)
 Metaspace       used 89656K, committed 90304K, reserved 1179648K
  class space    used 10562K, committed 10880K, reserved 1048576K
}
Event: 170.406 GC heap after
{Heap after GC invocations=110 (full 5):
 garbage-first heap   total 143360K, used 50627K [0x0000000704200000, 0x0000000800000000)
  region size 2048K, 2 young (4096K), 2 survivors (4096K)
 Metaspace       used 89656K, committed 90304K, reserved 1179648K
  class space    used 10562K, committed 10880K, reserved 1048576K
}
Event: 172.117 GC heap before
{Heap before GC invocations=110 (full 5):
 garbage-first heap   total 143360K, used 118211K [0x0000000704200000, 0x0000000800000000)
  region size 2048K, 35 young (71680K), 2 survivors (4096K)
 Metaspace       used 89656K, committed 90304K, reserved 1179648K
  class space    used 10562K, committed 10880K, reserved 1048576K
}
Event: 172.121 GC heap after
{Heap after GC invocations=111 (full 5):
 garbage-first heap   total 143360K, used 50381K [0x0000000704200000, 0x0000000800000000)
  region size 2048K, 2 young (4096K), 2 survivors (4096K)
 Metaspace       used 89656K, committed 90304K, reserved 1179648K
  class space    used 10562K, committed 10880K, reserved 1048576K
}
Event: 173.890 GC heap before
{Heap before GC invocations=111 (full 5):
 garbage-first heap   total 143360K, used 117965K [0x0000000704200000, 0x0000000800000000)
  region size 2048K, 35 young (71680K), 2 survivors (4096K)
 Metaspace       used 89657K, committed 90304K, reserved 1179648K
  class space    used 10562K, committed 10880K, reserved 1048576K
}
Event: 173.893 GC heap after
{Heap after GC invocations=112 (full 5):
 garbage-first heap   total 143360K, used 50491K [0x0000000704200000, 0x0000000800000000)
  region size 2048K, 2 young (4096K), 2 survivors (4096K)
 Metaspace       used 89657K, committed 90304K, reserved 1179648K
  class space    used 10562K, committed 10880K, reserved 1048576K
}
Event: 175.092 GC heap before
{Heap before GC invocations=112 (full 5):
 garbage-first heap   total 143360K, used 118075K [0x0000000704200000, 0x0000000800000000)
  region size 2048K, 35 young (71680K), 2 survivors (4096K)
 Metaspace       used 89660K, committed 90304K, reserved 1179648K
  class space    used 10562K, committed 10880K, reserved 1048576K
}
Event: 175.095 GC heap after
{Heap after GC invocations=113 (full 5):
 garbage-first heap   total 143360K, used 50488K [0x0000000704200000, 0x0000000800000000)
  region size 2048K, 2 young (4096K), 2 survivors (4096K)
 Metaspace       used 89660K, committed 90304K, reserved 1179648K
  class space    used 10562K, committed 10880K, reserved 1048576K
}
Event: 176.330 GC heap before
{Heap before GC invocations=113 (full 5):
 garbage-first heap   total 143360K, used 118072K [0x0000000704200000, 0x0000000800000000)
  region size 2048K, 35 young (71680K), 2 survivors (4096K)
 Metaspace       used 89662K, committed 90304K, reserved 1179648K
  class space    used 10562K, committed 10880K, reserved 1048576K
}
Event: 176.333 GC heap after
{Heap after GC invocations=114 (full 5):
 garbage-first heap   total 143360K, used 50589K [0x0000000704200000, 0x0000000800000000)
  region size 2048K, 2 young (4096K), 2 survivors (4096K)
 Metaspace       used 89662K, committed 90304K, reserved 1179648K
  class space    used 10562K, committed 10880K, reserved 1048576K
}
Event: 177.626 GC heap before
{Heap before GC invocations=114 (full 5):
 garbage-first heap   total 143360K, used 118173K [0x0000000704200000, 0x0000000800000000)
  region size 2048K, 35 young (71680K), 2 survivors (4096K)
 Metaspace       used 89662K, committed 90304K, reserved 1179648K
  class space    used 10562K, committed 10880K, reserved 1048576K
}
Event: 177.629 GC heap after
{Heap after GC invocations=115 (full 5):
 garbage-first heap   total 143360K, used 50650K [0x0000000704200000, 0x0000000800000000)
  region size 2048K, 2 young (4096K), 2 survivors (4096K)
 Metaspace       used 89662K, committed 90304K, reserved 1179648K
  class space    used 10562K, committed 10880K, reserved 1048576K
}
Event: 179.041 GC heap before
{Heap before GC invocations=115 (full 5):
 garbage-first heap   total 143360K, used 118234K [0x0000000704200000, 0x0000000800000000)
  region size 2048K, 35 young (71680K), 2 survivors (4096K)
 Metaspace       used 89664K, committed 90304K, reserved 1179648K
  class space    used 10562K, committed 10880K, reserved 1048576K
}
Event: 179.045 GC heap after
{Heap after GC invocations=116 (full 5):
 garbage-first heap   total 143360K, used 50650K [0x0000000704200000, 0x0000000800000000)
  region size 2048K, 2 young (4096K), 2 survivors (4096K)
 Metaspace       used 89664K, committed 90304K, reserved 1179648K
  class space    used 10562K, committed 10880K, reserved 1048576K
}

Deoptimization events (20 events):
Event: 180.766 Thread 0x0000016f7590c400 Uncommon trap: trap_request=0xffffff45 fr.pc=0x0000016f584e965c relative=0x000000000000055c
Event: 180.766 Thread 0x0000016f7590c400 Uncommon trap: reason=unstable_if action=reinterpret pc=0x0000016f584e965c method=sun.nio.ch.SocketChannelImpl.translateInterestOps(I)I @ 17 c2
Event: 180.766 Thread 0x0000016f7590c400 DEOPT PACKING pc=0x0000016f584e965c sp=0x00000018ea9ff1f0
Event: 180.766 Thread 0x0000016f7590c400 DEOPT UNPACKING pc=0x0000016f573b5ba3 sp=0x00000018ea9ff0a8 mode 2
Event: 180.766 Thread 0x0000016f7590c400 Uncommon trap: trap_request=0xffffff45 fr.pc=0x0000016f588f0280 relative=0x00000000000009c0
Event: 180.766 Thread 0x0000016f7590c400 Uncommon trap: reason=unstable_if action=reinterpret pc=0x0000016f588f0280 method=sun.nio.ch.WEPollSelectorImpl.toReadyOps(I)I @ 5 c2
Event: 180.766 Thread 0x0000016f7590c400 DEOPT PACKING pc=0x0000016f588f0280 sp=0x00000018ea9ff1d0
Event: 180.766 Thread 0x0000016f7590c400 DEOPT UNPACKING pc=0x0000016f573b5ba3 sp=0x00000018ea9ff108 mode 2
Event: 180.766 Thread 0x0000016f7590c400 Uncommon trap: trap_request=0xffffff45 fr.pc=0x0000016f58553864 relative=0x0000000000000644
Event: 180.766 Thread 0x0000016f7590c400 Uncommon trap: reason=unstable_if action=reinterpret pc=0x0000016f58553864 method=java.nio.channels.SelectionKey.isReadable()Z @ 6 c2
Event: 180.766 Thread 0x0000016f7590c400 DEOPT PACKING pc=0x0000016f58553864 sp=0x00000018ea9ff3c0
Event: 180.766 Thread 0x0000016f7590c400 DEOPT UNPACKING pc=0x0000016f573b5ba3 sp=0x00000018ea9ff340 mode 2
Event: 180.949 Thread 0x0000016f7590afc0 Uncommon trap: trap_request=0xffffff45 fr.pc=0x0000016f585defb4 relative=0x0000000000001b74
Event: 180.949 Thread 0x0000016f7590afc0 Uncommon trap: reason=unstable_if action=reinterpret pc=0x0000016f585defb4 method=org.springframework.web.cors.CorsUtils.isCorsRequest(Ljavax/servlet/http/HttpServletRequest;)Z @ 10 c2
Event: 180.949 Thread 0x0000016f7590afc0 DEOPT PACKING pc=0x0000016f585defb4 sp=0x00000018ea7fd360
Event: 180.949 Thread 0x0000016f7590afc0 DEOPT UNPACKING pc=0x0000016f573b5ba3 sp=0x00000018ea7fd268 mode 2
Event: 180.967 Thread 0x0000016f7590c400 Uncommon trap: trap_request=0xffffff45 fr.pc=0x0000016f58442f7c relative=0x000000000000007c
Event: 180.967 Thread 0x0000016f7590c400 Uncommon trap: reason=unstable_if action=reinterpret pc=0x0000016f58442f7c method=sun.nio.ch.SocketChannelImpl.translateInterestOps(I)I @ 17 c2
Event: 180.967 Thread 0x0000016f7590c400 DEOPT PACKING pc=0x0000016f58442f7c sp=0x00000018ea9ff130
Event: 180.967 Thread 0x0000016f7590c400 DEOPT UNPACKING pc=0x0000016f573b5ba3 sp=0x00000018ea9ff0b8 mode 2

Classes unloaded (3 events):
Event: 128.645 Thread 0x0000016f688b37d0 Unloading class 0x0000016f01a2c000 'org/apache/catalina/loader/JdbcLeakPrevention'
Event: 137.045 Thread 0x0000016f688b37d0 Unloading class 0x0000016f01a54800 'org/apache/catalina/loader/JdbcLeakPrevention'
Event: 157.558 Thread 0x0000016f688b37d0 Unloading class 0x0000016f01a79800 'org/apache/catalina/loader/JdbcLeakPrevention'

Classes redefined (0 events):
No events

Internal exceptions (20 events):
Event: 159.180 Thread 0x0000016f76f3b040 Exception <a 'java/lang/ClassNotFoundException'{0x000000070a49c238}: java/lang/ObjectCustomizer> (0x000000070a49c238) 
thrown [s\open\src\hotspot\share\classfile\systemDictionary.cpp, line 256]
Event: 159.180 Thread 0x0000016f76f3b040 Exception <a 'java/lang/ClassNotFoundException'{0x000000070a4a4878}: duan/sportify/entities/EventwebCustomizer> (0x000000070a4a4878) 
thrown [s\open\src\hotspot\share\classfile\systemDictionary.cpp, line 256]
Event: 159.275 Thread 0x0000016f76f3b040 Exception <a 'java/lang/ClassNotFoundException'{0x0000000709049070}: java/lang/ObjectCustomizer> (0x0000000709049070) 
thrown [s\open\src\hotspot\share\classfile\systemDictionary.cpp, line 256]
Event: 159.275 Thread 0x0000016f76f3b040 Exception <a 'java/lang/ClassNotFoundException'{0x00000007090515a0}: duan/sportify/service/impl/BookingServiceImplCustomizer> (0x00000007090515a0) 
thrown [s\open\src\hotspot\share\classfile\systemDictionary.cpp, line 256]
Event: 159.276 Thread 0x0000016f76f3b040 Exception <a 'java/lang/ClassNotFoundException'{0x000000070905bed0}: duan/sportify/service/BookingServiceCustomizer> (0x000000070905bed0) 
thrown [s\open\src\hotspot\share\classfile\systemDictionary.cpp, line 256]
Event: 159.351 Thread 0x0000016f76f3b040 Exception <a 'java/lang/ClassNotFoundException'{0x000000070c819de8}: java/lang/ObjectCustomizer> (0x000000070c819de8) 
thrown [s\open\src\hotspot\share\classfile\systemDictionary.cpp, line 256]
Event: 159.352 Thread 0x0000016f76f3b040 Exception <a 'java/lang/ClassNotFoundException'{0x000000070c822b90}: duan/sportify/entities/VoucherCustomizer> (0x000000070c822b90) 
thrown [s\open\src\hotspot\share\classfile\systemDictionary.cpp, line 256]
Event: 159.374 Thread 0x0000016f76f3b040 Exception <a 'java/io/FileNotFoundException'{0x000000070c4d5a50}> (0x000000070c4d5a50) 
thrown [s\open\src\hotspot\share\prims\jni.cpp, line 516]
Event: 159.375 Thread 0x0000016f76f3b040 Exception <a 'java/io/FileNotFoundException'{0x000000070c4d6780}> (0x000000070c4d6780) 
thrown [s\open\src\hotspot\share\prims\jni.cpp, line 516]
Event: 159.435 Thread 0x0000016f76f3b040 Exception <a 'java/lang/ClassNotFoundException'{0x000000070b80e070}: java/lang/ObjectCustomizer> (0x000000070b80e070) 
thrown [s\open\src\hotspot\share\classfile\systemDictionary.cpp, line 256]
Event: 159.435 Thread 0x0000016f76f3b040 Exception <a 'java/lang/ClassNotFoundException'{0x000000070b816620}: duan/sportify/controller/PaymentVNPayControllerCustomizer> (0x000000070b816620) 
thrown [s\open\src\hotspot\share\classfile\systemDictionary.cpp, line 256]
Event: 159.505 Thread 0x0000016f76f3b040 Implicit null exception at 0x0000016f58c2e99f to 0x0000016f58c31730
Event: 179.740 Thread 0x0000016f76f3e7f0 Implicit null exception at 0x0000016f588a2fb6 to 0x0000016f588a3e0c
Event: 179.740 Thread 0x0000016f76f3e7f0 Implicit null exception at 0x0000016f583eddf8 to 0x0000016f583f0cac
Event: 179.742 Thread 0x0000016f76f3e7f0 Implicit null exception at 0x0000016f583dad9a to 0x0000016f583df2e4
Event: 179.772 Thread 0x0000016f76f3e7f0 Implicit null exception at 0x0000016f58b415a1 to 0x0000016f58b44c70
Event: 179.812 Thread 0x0000016f76f3e7f0 Implicit null exception at 0x0000016f57bf7975 to 0x0000016f57bf8148
Event: 180.362 Thread 0x0000016f76f3e7f0 Implicit null exception at 0x0000016f57eaf437 to 0x0000016f57eaf55b
Event: 180.362 Thread 0x0000016f76f3e7f0 Implicit null exception at 0x0000016f58167461 to 0x0000016f58167587
Event: 180.747 Thread 0x0000016f76f3d3b0 Implicit null exception at 0x0000016f58630602 to 0x0000016f58630b51

VM Operations (20 events):
Event: 177.626 Executing VM operation: G1CollectForAllocation
Event: 177.629 Executing VM operation: G1CollectForAllocation done
Event: 179.041 Executing VM operation: G1CollectForAllocation
Event: 179.045 Executing VM operation: G1CollectForAllocation done
Event: 179.737 Executing VM operation: HandshakeAllThreads
Event: 179.737 Executing VM operation: HandshakeAllThreads done
Event: 179.768 Executing VM operation: HandshakeAllThreads
Event: 179.768 Executing VM operation: HandshakeAllThreads done
Event: 179.789 Executing VM operation: HandshakeAllThreads
Event: 179.790 Executing VM operation: HandshakeAllThreads done
Event: 179.792 Executing VM operation: HandshakeAllThreads
Event: 179.792 Executing VM operation: HandshakeAllThreads done
Event: 179.816 Executing VM operation: HandshakeAllThreads
Event: 179.816 Executing VM operation: HandshakeAllThreads done
Event: 180.269 Executing VM operation: HandshakeAllThreads
Event: 180.270 Executing VM operation: HandshakeAllThreads done
Event: 180.270 Executing VM operation: Cleanup
Event: 180.270 Executing VM operation: Cleanup done
Event: 180.487 Executing VM operation: HandshakeAllThreads
Event: 180.487 Executing VM operation: HandshakeAllThreads done

Events (20 events):
Event: 180.241 loading class sun/util/resources/LocaleData$LocaleDataResourceBundleProvider done
Event: 180.241 loading class sun/util/resources/LocaleData$CommonResourceBundleProvider done
Event: 180.241 loading class sun/util/resources/Bundles$2
Event: 180.241 loading class sun/util/resources/Bundles$2 done
Event: 180.245 loading class java/util/Currency$1
Event: 180.245 loading class java/util/Currency$1 done
Event: 180.248 loading class java/util/Currency$SpecialCaseEntry
Event: 180.249 loading class java/util/Currency$SpecialCaseEntry done
Event: 180.249 loading class java/util/Currency$OtherCurrencyEntry
Event: 180.249 loading class java/util/Currency$OtherCurrencyEntry done
Event: 180.250 loading class java/util/Currency$CurrencyNameGetter
Event: 180.250 loading class java/util/Currency$CurrencyNameGetter done
Event: 180.251 loading class sun/util/locale/provider/CurrencyNameProviderImpl
Event: 180.251 loading class sun/util/locale/provider/CurrencyNameProviderImpl done
Event: 180.256 loading class sun/util/resources/cldr/CurrencyNames
Event: 180.256 loading class sun/util/resources/cldr/CurrencyNames done
Event: 180.264 loading class java/text/FieldPosition$Delegate
Event: 180.264 loading class java/text/FieldPosition$Delegate done
Event: 180.685 Thread 0x0000016f73b06cc0 Thread exited: 0x0000016f73b06cc0
Event: 180.858 Thread 0x0000016f73b06cc0 Thread added: 0x0000016f73b06cc0


Dynamic libraries:
0x00007ff669a10000 - 0x00007ff669a20000 	C:\Program Files\Java\jdk-17.0.12\bin\java.exe
0x00007ffe532e0000 - 0x00007ffe53549000 	C:\WINDOWS\SYSTEM32\ntdll.dll
0x00007ffe52a80000 - 0x00007ffe52b49000 	C:\WINDOWS\System32\KERNEL32.DLL
0x00007ffe509e0000 - 0x00007ffe50dd3000 	C:\WINDOWS\System32\KERNELBASE.dll
0x00007ffe50470000 - 0x00007ffe505bb000 	C:\WINDOWS\System32\ucrtbase.dll
0x00007ffe3b870000 - 0x00007ffe3b88b000 	C:\Program Files\Java\jdk-17.0.12\bin\VCRUNTIME140.dll
0x00007ffe39fd0000 - 0x00007ffe39fe9000 	C:\Program Files\Java\jdk-17.0.12\bin\jli.dll
0x00007ffe531c0000 - 0x00007ffe53274000 	C:\WINDOWS\System32\ADVAPI32.dll
0x00007ffe529d0000 - 0x00007ffe52a79000 	C:\WINDOWS\System32\msvcrt.dll
0x00007ffe528e0000 - 0x00007ffe52986000 	C:\WINDOWS\System32\sechost.dll
0x00007ffe51250000 - 0x00007ffe51368000 	C:\WINDOWS\System32\RPCRT4.dll
0x00007ffe52180000 - 0x00007ffe52344000 	C:\WINDOWS\System32\USER32.dll
0x00007ffe505c0000 - 0x00007ffe505e7000 	C:\WINDOWS\System32\win32u.dll
0x00007ffe52c50000 - 0x00007ffe52c7b000 	C:\WINDOWS\System32\GDI32.dll
0x00007ffe39a70000 - 0x00007ffe39d03000 	C:\WINDOWS\WinSxS\amd64_microsoft.windows.common-controls_6595b64144ccf1df_6.0.26100.5074_none_3e0d6f78e32fd63f\COMCTL32.dll
0x00007ffe505f0000 - 0x00007ffe5071d000 	C:\WINDOWS\System32\gdi32full.dll
0x00007ffe50930000 - 0x00007ffe509d3000 	C:\WINDOWS\System32\msvcp_win.dll
0x00007ffe3f3f0000 - 0x00007ffe3f3fb000 	C:\WINDOWS\SYSTEM32\VERSION.dll
0x00007ffe52990000 - 0x00007ffe529bf000 	C:\WINDOWS\System32\IMM32.DLL
0x00007ffe3e9e0000 - 0x00007ffe3e9ec000 	C:\Program Files\Java\jdk-17.0.12\bin\vcruntime140_1.dll
0x00007ffe201c0000 - 0x00007ffe2024e000 	C:\Program Files\Java\jdk-17.0.12\bin\msvcp140.dll
0x00007ffdd2100000 - 0x00007ffdd2ce0000 	C:\Program Files\Java\jdk-17.0.12\bin\server\jvm.dll
0x00007ffe53280000 - 0x00007ffe53288000 	C:\WINDOWS\System32\PSAPI.DLL
0x00007ffe35e00000 - 0x00007ffe35e0a000 	C:\WINDOWS\SYSTEM32\WSOCK32.dll
0x00007ffe47c60000 - 0x00007ffe47c95000 	C:\WINDOWS\SYSTEM32\WINMM.dll
0x00007ffe52800000 - 0x00007ffe52874000 	C:\WINDOWS\System32\WS2_32.dll
0x00007ffe4f250000 - 0x00007ffe4f26b000 	C:\WINDOWS\SYSTEM32\kernel.appcore.dll
0x00007ffe3e3d0000 - 0x00007ffe3e3da000 	C:\Program Files\Java\jdk-17.0.12\bin\jimage.dll
0x00007ffe4daf0000 - 0x00007ffe4dd32000 	C:\WINDOWS\SYSTEM32\DBGHELP.DLL
0x00007ffe52c80000 - 0x00007ffe52ffb000 	C:\WINDOWS\System32\combase.dll
0x00007ffe530e0000 - 0x00007ffe531b7000 	C:\WINDOWS\System32\OLEAUT32.dll
0x00007ffe18600000 - 0x00007ffe1863d000 	C:\WINDOWS\SYSTEM32\dbgcore.DLL
0x00007ffe50890000 - 0x00007ffe50929000 	C:\WINDOWS\System32\bcryptPrimitives.dll
0x00007ffe39fa0000 - 0x00007ffe39fc5000 	C:\Program Files\Java\jdk-17.0.12\bin\java.dll
0x00007ffe165c0000 - 0x00007ffe16697000 	C:\Program Files\Java\jdk-17.0.12\bin\jsvml.dll
0x00007ffe51370000 - 0x00007ffe51abd000 	C:\WINDOWS\System32\SHELL32.dll
0x00007ffe50720000 - 0x00007ffe5088c000 	C:\WINDOWS\System32\wintypes.dll
0x00007ffe4e0a0000 - 0x00007ffe4e8f9000 	C:\WINDOWS\SYSTEM32\windows.storage.dll
0x00007ffe525b0000 - 0x00007ffe526a0000 	C:\WINDOWS\System32\SHCORE.dll
0x00007ffe52700000 - 0x00007ffe52762000 	C:\WINDOWS\System32\shlwapi.dll
0x00007ffe50390000 - 0x00007ffe503b9000 	C:\WINDOWS\SYSTEM32\profapi.dll
0x00007ffe397d0000 - 0x00007ffe397e9000 	C:\Program Files\Java\jdk-17.0.12\bin\net.dll
0x00007ffe41620000 - 0x00007ffe4173f000 	C:\WINDOWS\SYSTEM32\WINHTTP.dll
0x00007ffe4f7d0000 - 0x00007ffe4f83b000 	C:\WINDOWS\system32\mswsock.dll
0x00007ffe397b0000 - 0x00007ffe397c6000 	C:\Program Files\Java\jdk-17.0.12\bin\nio.dll
0x00007ffe37340000 - 0x00007ffe37358000 	C:\Program Files\Java\jdk-17.0.12\bin\zip.dll
0x00007ffe3d0c0000 - 0x00007ffe3d0d0000 	C:\Program Files\Java\jdk-17.0.12\bin\verify.dll
0x00007ffe3c940000 - 0x00007ffe3c94a000 	C:\Program Files\Java\jdk-17.0.12\bin\management.dll
0x00007ffe3c5d0000 - 0x00007ffe3c5db000 	C:\Program Files\Java\jdk-17.0.12\bin\management_ext.dll
0x00007ffdc7380000 - 0x00007ffdc7398000 	C:\WINDOWS\system32\napinsp.dll
0x00007ffe4ecb0000 - 0x00007ffe4edd6000 	C:\WINDOWS\SYSTEM32\DNSAPI.dll
0x00007ffe4ec20000 - 0x00007ffe4ec54000 	C:\WINDOWS\SYSTEM32\IPHLPAPI.DLL
0x00007ffe53290000 - 0x00007ffe5329a000 	C:\WINDOWS\System32\NSI.dll
0x00007ffdbd5a0000 - 0x00007ffdbd5b2000 	C:\WINDOWS\System32\winrnr.dll
0x00007ffdbd5c0000 - 0x00007ffdbd5e8000 	C:\WINDOWS\system32\nlansp_c.dll
0x00007ffe40e30000 - 0x00007ffe40e46000 	C:\WINDOWS\system32\wshbth.dll
0x00007ffe40580000 - 0x00007ffe4058b000 	C:\Windows\System32\rasadhlp.dll
0x00007ffe432e0000 - 0x00007ffe43366000 	C:\WINDOWS\System32\fwpuclnt.dll
0x00007ffe4fa70000 - 0x00007ffe4fa8b000 	C:\WINDOWS\SYSTEM32\CRYPTSP.dll
0x00007ffe4f1b0000 - 0x00007ffe4f1eb000 	C:\WINDOWS\system32\rsaenh.dll
0x00007ffe4f870000 - 0x00007ffe4f89b000 	C:\WINDOWS\SYSTEM32\USERENV.dll
0x00007ffe50360000 - 0x00007ffe50386000 	C:\WINDOWS\SYSTEM32\bcrypt.dll
0x00007ffe4fa90000 - 0x00007ffe4fa9c000 	C:\WINDOWS\SYSTEM32\CRYPTBASE.dll
0x00007ffe43120000 - 0x00007ffe4313e000 	C:\WINDOWS\SYSTEM32\dhcpcsvc6.DLL
0x00007ffe430f0000 - 0x00007ffe43113000 	C:\WINDOWS\SYSTEM32\dhcpcsvc.DLL
0x00007ffe3ba00000 - 0x00007ffe3ba0e000 	C:\Program Files\Java\jdk-17.0.12\bin\sunmscapi.dll
0x00007ffe50e70000 - 0x00007ffe50fe7000 	C:\WINDOWS\System32\CRYPT32.dll
0x00007ffe4fc90000 - 0x00007ffe4fcc0000 	C:\WINDOWS\SYSTEM32\ncrypt.dll
0x00007ffe4fc40000 - 0x00007ffe4fc7f000 	C:\WINDOWS\SYSTEM32\NTASN1.dll
0x00007ffdca7c0000 - 0x00007ffdca7c8000 	C:\WINDOWS\system32\wshunix.dll

dbghelp: loaded successfully - version: 4.0.5 - missing functions: none
symbol engine: initialized successfully - sym options: 0x614 - pdb path: .;C:\Program Files\Java\jdk-17.0.12\bin;C:\WINDOWS\SYSTEM32;C:\WINDOWS\WinSxS\amd64_microsoft.windows.common-controls_6595b64144ccf1df_6.0.26100.5074_none_3e0d6f78e32fd63f;C:\Program Files\Java\jdk-17.0.12\bin\server

VM Arguments:
jvm_args: -XX:+ShowCodeDetailsInExceptionMessages 
java_command: duan.sportify.SportifyApplication
java_class_path (initial): D:\Doan\Sportifyv2\Sportify\target\classes;C:\Users\DELL\.m2\repository\org\springframework\boot\spring-boot-starter-web\2.7.14\spring-boot-starter-web-2.7.14.jar;C:\Users\DELL\.m2\repository\org\springframework\boot\spring-boot-starter\2.7.14\spring-boot-starter-2.7.14.jar;C:\Users\DELL\.m2\repository\org\springframework\boot\spring-boot-starter-logging\2.7.14\spring-boot-starter-logging-2.7.14.jar;C:\Users\DELL\.m2\repository\ch\qos\logback\logback-classic\1.2.12\logback-classic-1.2.12.jar;C:\Users\DELL\.m2\repository\ch\qos\logback\logback-core\1.2.12\logback-core-1.2.12.jar;C:\Users\DELL\.m2\repository\org\apache\logging\log4j\log4j-to-slf4j\2.17.2\log4j-to-slf4j-2.17.2.jar;C:\Users\DELL\.m2\repository\org\apache\logging\log4j\log4j-api\2.17.2\log4j-api-2.17.2.jar;C:\Users\DELL\.m2\repository\org\slf4j\jul-to-slf4j\1.7.36\jul-to-slf4j-1.7.36.jar;C:\Users\DELL\.m2\repository\jakarta\annotation\jakarta.annotation-api\1.3.5\jakarta.annotation-api-1.3.5.jar;C:\Users\DELL\.m2\repository\org\yaml\snakeyaml\1.30\snakeyaml-1.30.jar;C:\Users\DELL\.m2\repository\org\springframework\boot\spring-boot-starter-json\2.7.14\spring-boot-starter-json-2.7.14.jar;C:\Users\DELL\.m2\repository\com\fasterxml\jackson\core\jackson-databind\2.13.5\jackson-databind-2.13.5.jar;C:\Users\DELL\.m2\repository\com\fasterxml\jackson\core\jackson-annotations\2.13.5\jackson-annotations-2.13.5.jar;C:\Users\DELL\.m2\repository\com\fasterxml\jackson\core\jackson-core\2.13.5\jackson-core-2.13.5.jar;C:\Users\DELL\.m2\repository\com\fasterxml\jackson\datatype\jackson-datatype-jdk8\2.13.5\jackson-datatype-jdk8-2.13.5.jar;C:\Users\DELL\.m2\repository\com\fasterxml\jackson\datatype\jackson-datatype-jsr310\2.13.5\jackson-datatype-jsr310-2.13.5.jar;C:\Users\DELL\.m2\repository\com\fasterxml\jackson\module\jackson-module-parameter-names\2.13.5\jackson-module-parameter-names-2.13.5.jar;C:\Users\DELL\.m2\repository\org\springframework\boot\spring-boot-starter-tomcat\2.7.14\spring-bo
Launcher Type: SUN_STANDARD

[Global flags]
     intx CICompilerCount                          = 4                                         {product} {ergonomic}
     uint ConcGCThreads                            = 2                                         {product} {ergonomic}
     uint G1ConcRefinementThreads                  = 8                                         {product} {ergonomic}
   size_t G1HeapRegionSize                         = 2097152                                   {product} {ergonomic}
    uintx GCDrainStackTargetSize                   = 64                                        {product} {ergonomic}
   size_t InitialHeapSize                          = 264241152                                 {product} {ergonomic}
   size_t MarkStackSize                            = 4194304                                   {product} {ergonomic}
   size_t MaxHeapSize                              = 4225761280                                {product} {ergonomic}
   size_t MaxNewSize                               = 2535456768                                {product} {ergonomic}
   size_t MinHeapDeltaBytes                        = 2097152                                   {product} {ergonomic}
   size_t MinHeapSize                              = 8388608                                   {product} {ergonomic}
    uintx NonNMethodCodeHeapSize                   = 5839372                                {pd product} {ergonomic}
    uintx NonProfiledCodeHeapSize                  = 122909434                              {pd product} {ergonomic}
    uintx ProfiledCodeHeapSize                     = 122909434                              {pd product} {ergonomic}
    uintx ReservedCodeCacheSize                    = 251658240                              {pd product} {ergonomic}
     bool SegmentedCodeCache                       = true                                      {product} {ergonomic}
     bool ShowCodeDetailsInExceptionMessages       = true                                   {manageable} {command line}
   size_t SoftMaxHeapSize                          = 4225761280                             {manageable} {ergonomic}
     bool UseCompressedClassPointers               = true                           {product lp64_product} {ergonomic}
     bool UseCompressedOops                        = true                           {product lp64_product} {ergonomic}
     bool UseG1GC                                  = true                                      {product} {ergonomic}
     bool UseLargePagesIndividualAllocation        = false                                  {pd product} {ergonomic}

Logging:
Log output configuration:
 #0: stdout all=warning uptime,level,tags
 #1: stderr all=off uptime,level,tags

Environment Variables:
JAVA_HOME=C:\Program Files\Java\jdk-21.0.5
PATH=D:\HK1_Nam4\CSDL\app\oracle\product\11.2.0\server\bin;C:\Program Files (x86)\VMware\VMware Workstation\bin\;C:\Program Files\Microsoft MPI\Bin\;C:\Program Files\Common Files\Oracle\Java\javapath;C:\Program Files\nodejs\;C:\Program Files\Java\jdk-21.0.5;C:\Program Files\Java\jdk-17.0.12;D:\CodeCfree;C:\Program Files\dotnet\;C:\MongoDB\Server\6.0\bin;C:\Users\DELL\OneDrive\Ta`i li?u\mongosh-1.7.1-win32-x64\mongosh-1.7.1-win32-x64\bin;C:\Program Files\Azure Data Studio\bin;C:\Program Files (x86)\Microsoft SQL Server\160\Tools\Binn\;C:\Program Files\Microsoft SQL Server\160\Tools\Binn\;C:\Program Files\Microsoft SQL Server\Client SDK\ODBC\170\Tools\Binn\;C:\Program Files\Microsoft SQL Server\160\DTS\Binn\;C:\Program Files (x86)\Microsoft SQL Server\160\DTS\Binn\;C:\WINDOWS\system32;C:\WINDOWS;C:\WINDOWS\System32\Wbem;C:\WINDOWS\System32\WindowsPowerShell\v1.0\;C:\WINDOWS\System32\OpenSSH\;C:\Program Files\Cloudflare\Cloudflare WARP\;C:\Program Files\MATLAB\R2024b\bin;C:\Program Files\MongoDB\Server;C:\Program Files\Git\cmd;C:\Program Files\Microsoft SQL Server\150\Tools\Binn\;c:\Users\DELL\AppData\Local\Programs\cursor\resources\app\codeBin;C:\Users\DELL\AppData\Local\Programs\Python\Python312\Scripts\;C:\Users\DELL\AppData\Local\Programs\Python\Python312\;C:\Users\DELL\AppData\Local\Programs\Python\Launcher\;C:\Users\DELL\AppData\Local\Microsoft\WindowsApps;C:\Program Files (x86)\mingw-w64\i686-8.1.0-posix-dwarf-rt_v6-rev0\mingw32\bin;C:\Users\DELL\AppData\Local\Programs\Microsoft VS Code\bin;C:\Program Files\Azure Data Studio\bin;C:\Program Files\Java\jdk-21.0.5\bin;C:\Users\DELL\AppData\Roaming\npm;C:\Program Files\nodejs;C:\Users\DELL\.dotnet\tools;C:\Users\DELL\AppData\Local\gitkraken\bin;C:\Users\DELL\AppData\Local\GitHubDesktop\bin;C:\Users\DELL\AppData\Local\Microsoft\WindowsApps;C:\Users\DELL\AppData\Local\Programs\cursor\resources\app\bin
USERNAME=DUC NGOC
LANG=en_US.UTF-8
OS=Windows_NT
PROCESSOR_IDENTIFIER=Intel64 Family 6 Model 140 Stepping 1, GenuineIntel



---------------  S Y S T E M  ---------------

OS:
 Windows 11 , 64 bit Build 26100 (10.0.26100.5074)
OS uptime: 0 days 23:18 hours
Hyper-V role detected

CPU: total 8 (initial active 8) (4 cores per cpu, 2 threads per core) family 6 model 140 stepping 1 microcode 0xbc, cx8, cmov, fxsr, ht, mmx, 3dnowpref, sse, sse2, sse3, ssse3, sse4.1, sse4.2, popcnt, lzcnt, tsc, tscinvbit, avx, avx2, aes, erms, clmul, bmi1, bmi2, adx, avx512f, avx512dq, avx512cd, avx512bw, avx512vl, sha, fma, vzeroupper, avx512_vpopcntdq, avx512_vpclmulqdq, avx512_vaes, avx512_vnni, clflush, clflushopt, clwb, avx512_vbmi2, avx512_vbmi, hv

Memory: 4k page, system-wide physical 16118M (1307M free)
TotalPageFile size 22271M (AvailPageFile size 5M)
current process WorkingSet (physical memory assigned to process): 436M, peak: 606M
current process commit charge ("private bytes"): 472M, peak: 683M

vm_info: Java HotSpot(TM) 64-Bit Server VM (17.0.12+8-LTS-286) for windows-amd64 JRE (17.0.12+8-LTS-286), built on Jun  5 2024 06:46:59 by "mach5one" with MS VC++ 17.6 (VS2022)

END.
